<?xml version="1.0" encoding="UTF-8"?>
<!-- Generated by org.testng.reporters.JUnitXMLReporter -->
<testsuite hostname="TWI-01-004" ignored="0" name="CartPageTests" tests="3" failures="0" timestamp="06 Dez 2021 06:40:03 GMT" time="13.776" errors="0">
  <testcase name="verifyCartPage" time="4.969" classname="tests.CartPageTests"/>
  <testcase name="verifyClickOnBackToShopping" time="3.451" classname="tests.CartPageTests"/>
  <testcase name="verifyProductRemovalFromCart" time="4.437" classname="tests.CartPageTests"/>
</testsuite> <!-- CartPageTests -->
