<?xml version="1.0" encoding="UTF-8"?>
<!-- Generated by org.testng.reporters.JUnitXMLReporter -->
<testsuite hostname="TWI-01-004" ignored="0" name="ProductPageTests" tests="7" failures="0" timestamp="06 Dez 2021 06:40:50 GMT" time="23.666" errors="0">
  <testcase name="verifyProductPageIsNOTEmpty" time="2.852" classname="tests.ProductPageTests"/>
  <testcase name="verifyAllProductImagesArePresent" time="3.464" classname="tests.ProductPageTests"/>
  <testcase name="verifyProductAddedToCart" time="3.378" classname="tests.ProductPageTests"/>
  <testcase name="verifyProductDescriptionIsPresent" time="3.164" classname="tests.ProductPageTests"/>
  <testcase name="verifyProductPageOpen" time="3.733" classname="tests.ProductPageTests"/>
  <testcase name="verifyProductPriceIsPresent" time="2.939" classname="tests.ProductPageTests"/>
  <testcase name="verifyProductTitleIsPresent" time="3.326" classname="tests.ProductPageTests"/>
</testsuite> <!-- ProductPageTests -->
