<?xml version="1.0" encoding="UTF-8"?>
<testsuite xmlns:xsi="http://www.w3.org/2001/XMLSchema-instance" xsi:noNamespaceSchemaLocation="https://maven.apache.org/surefire/maven-surefire-plugin/xsd/surefire-test-report-3.0.xsd" version="3.0" name="TestSuite" time="60.844" tests="15" errors="0" skipped="0" failures="0">
  <properties>
[...]
</properties>
  <testcase name="verifyCartPage[{Description=Happy path, ProductDescription=Get your testing superhero on with the Sauce Labs bolt T-shirt. From American Apparel, 100% ringspun combed cotton, heather gray with red bolt., Username=standard_user, ProductName=Sauce Labs Bolt T-Shirt, ProductPrice=$15.99, ProductPrice2=$49.99, SecondProductDescription=It&apos;s not every day that you come across a midweight quarter-zip fleece jacket capable of handling everything from a relaxing day outdoors to a busy day at the office., Password=secret_sauce, LastName=Test2, SecondProductName=Sauce Labs Fleece Jacket, ZipCode=4109.0, SecondProductPrice=49.99, FirstName=Test1, FirstProductPrice=15.99}](1)" classname="tests.CartPageTests" time="4.999">
    <system-out><![CDATA[2021-12-06 07:39:49 INFO  : BasePage.TestBase :64 - Initializing all elements
LoginTest
Test starts from row - 11
Total rows are  - 1
Total cols are  - 14
2021-12-06 07:39:50 INFO  : BasePage.TestBase :142 - Running on Windows Operating System with chrome browser
2021-12-06 07:39:52 INFO  PageBase: pages.PageBase :55 - Executing waitForElementTobeClickable command for the element: [[ChromeDriver: chrome on WINDOWS (8c915ab5bfadcacc78ef1ae12110bc3d)] -> xpath: //input[@id='user-name']]
2021-12-06 07:39:52 INFO  PageBase: pages.PageBase :58 - Waiting for the element:[[ChromeDriver: chrome on WINDOWS (8c915ab5bfadcacc78ef1ae12110bc3d)] -> xpath: //input[@id='user-name']] to be clickable
2021-12-06 07:39:52 INFO  PageBase: pages.PageBase :73 - Executing isElementPresent command on the element: [[ChromeDriver: chrome on WINDOWS (8c915ab5bfadcacc78ef1ae12110bc3d)] -> xpath: //input[@id='user-name']]
2021-12-06 07:39:52 INFO  PageBase: pages.PageBase :42 - Executing INPUT text command for the element:[[ChromeDriver: chrome on WINDOWS (8c915ab5bfadcacc78ef1ae12110bc3d)] -> xpath: //input[@id='user-name']] with value: standard_user
2021-12-06 07:39:52 INFO  PageBase: pages.PageBase :55 - Executing waitForElementTobeClickable command for the element: [[ChromeDriver: chrome on WINDOWS (8c915ab5bfadcacc78ef1ae12110bc3d)] -> xpath: //input[@id='user-name']]
2021-12-06 07:39:52 INFO  PageBase: pages.PageBase :58 - Waiting for the element:[[ChromeDriver: chrome on WINDOWS (8c915ab5bfadcacc78ef1ae12110bc3d)] -> xpath: //input[@id='user-name']] to be clickable
2021-12-06 07:39:52 INFO  PageBase: pages.PageBase :55 - Executing waitForElementTobeClickable command for the element: [[ChromeDriver: chrome on WINDOWS (8c915ab5bfadcacc78ef1ae12110bc3d)] -> xpath: //input[@id='password']]
2021-12-06 07:39:52 INFO  PageBase: pages.PageBase :58 - Waiting for the element:[[ChromeDriver: chrome on WINDOWS (8c915ab5bfadcacc78ef1ae12110bc3d)] -> xpath: //input[@id='password']] to be clickable
2021-12-06 07:39:53 INFO  PageBase: pages.PageBase :73 - Executing isElementPresent command on the element: [[ChromeDriver: chrome on WINDOWS (8c915ab5bfadcacc78ef1ae12110bc3d)] -> xpath: //input[@id='password']]
2021-12-06 07:39:53 INFO  PageBase: pages.PageBase :42 - Executing INPUT text command for the element:[[ChromeDriver: chrome on WINDOWS (8c915ab5bfadcacc78ef1ae12110bc3d)] -> xpath: //input[@id='password']] with value: secret_sauce
2021-12-06 07:39:53 INFO  PageBase: pages.PageBase :55 - Executing waitForElementTobeClickable command for the element: [[ChromeDriver: chrome on WINDOWS (8c915ab5bfadcacc78ef1ae12110bc3d)] -> xpath: //input[@id='password']]
2021-12-06 07:39:53 INFO  PageBase: pages.PageBase :58 - Waiting for the element:[[ChromeDriver: chrome on WINDOWS (8c915ab5bfadcacc78ef1ae12110bc3d)] -> xpath: //input[@id='password']] to be clickable
2021-12-06 07:39:53 INFO  PageBase: pages.PageBase :55 - Executing waitForElementTobeClickable command for the element: [[ChromeDriver: chrome on WINDOWS (8c915ab5bfadcacc78ef1ae12110bc3d)] -> xpath: //input[@id='login-button']]
2021-12-06 07:39:53 INFO  PageBase: pages.PageBase :58 - Waiting for the element:[[ChromeDriver: chrome on WINDOWS (8c915ab5bfadcacc78ef1ae12110bc3d)] -> xpath: //input[@id='login-button']] to be clickable
2021-12-06 07:39:53 INFO  PageBase: pages.PageBase :92 - Executing CLICK command on the element: [[ChromeDriver: chrome on WINDOWS (8c915ab5bfadcacc78ef1ae12110bc3d)] -> xpath: //input[@id='login-button']]
2021-12-06 07:39:53 INFO  PageBase: pages.PageBase :73 - Executing isElementPresent command on the element: [[ChromeDriver: chrome on WINDOWS (8c915ab5bfadcacc78ef1ae12110bc3d)] -> xpath: //input[@id='login-button']]
2021-12-06 07:39:53 INFO  PageBase: pages.PageBase :55 - Executing waitForElementTobeClickable command for the element: [[ChromeDriver: chrome on WINDOWS (8c915ab5bfadcacc78ef1ae12110bc3d)] -> xpath: //input[@id='login-button']]
2021-12-06 07:39:53 INFO  PageBase: pages.PageBase :58 - Waiting for the element:[[ChromeDriver: chrome on WINDOWS (8c915ab5bfadcacc78ef1ae12110bc3d)] -> xpath: //input[@id='login-button']] to be clickable
2021-12-06 07:39:53 INFO  PageBase: pages.PageBase :111 - Executing waitForPageToLoad command
2021-12-06 07:39:53 INFO  PageBase: pages.PageBase :112 - Waiting for the page to load completely
2021-12-06 07:39:53 INFO  PageBase: pages.PageBase :118 - Page is loaded completely
2021-12-06 07:39:53 INFO  PageBase: pages.PageBase :92 - Executing CLICK command on the element: [[ChromeDriver: chrome on WINDOWS (8c915ab5bfadcacc78ef1ae12110bc3d)] -> xpath: //div[@class='inventory_list']//div[3]//div[@class='inventory_item_description']//div[@class='pricebar']//button]
2021-12-06 07:39:53 INFO  PageBase: pages.PageBase :73 - Executing isElementPresent command on the element: [[ChromeDriver: chrome on WINDOWS (8c915ab5bfadcacc78ef1ae12110bc3d)] -> xpath: //div[@class='inventory_list']//div[3]//div[@class='inventory_item_description']//div[@class='pricebar']//button]
2021-12-06 07:39:53 INFO  PageBase: pages.PageBase :55 - Executing waitForElementTobeClickable command for the element: [[ChromeDriver: chrome on WINDOWS (8c915ab5bfadcacc78ef1ae12110bc3d)] -> xpath: //div[@class='inventory_list']//div[3]//div[@class='inventory_item_description']//div[@class='pricebar']//button]
2021-12-06 07:39:53 INFO  PageBase: pages.PageBase :58 - Waiting for the element:[[ChromeDriver: chrome on WINDOWS (8c915ab5bfadcacc78ef1ae12110bc3d)] -> xpath: //div[@class='inventory_list']//div[3]//div[@class='inventory_item_description']//div[@class='pricebar']//button] to be clickable
2021-12-06 07:39:53 INFO  PageBase: pages.PageBase :111 - Executing waitForPageToLoad command
2021-12-06 07:39:53 INFO  PageBase: pages.PageBase :112 - Waiting for the page to load completely
2021-12-06 07:39:53 INFO  PageBase: pages.PageBase :118 - Page is loaded completely
2021-12-06 07:39:54 INFO  PageBase: pages.PageBase :92 - Executing CLICK command on the element: [[ChromeDriver: chrome on WINDOWS (8c915ab5bfadcacc78ef1ae12110bc3d)] -> xpath: //div[@class='inventory_list']//div[4]//div[@class='inventory_item_description']//div[@class='pricebar']//button]
2021-12-06 07:39:54 INFO  PageBase: pages.PageBase :73 - Executing isElementPresent command on the element: [[ChromeDriver: chrome on WINDOWS (8c915ab5bfadcacc78ef1ae12110bc3d)] -> xpath: //div[@class='inventory_list']//div[4]//div[@class='inventory_item_description']//div[@class='pricebar']//button]
2021-12-06 07:39:54 INFO  PageBase: pages.PageBase :55 - Executing waitForElementTobeClickable command for the element: [[ChromeDriver: chrome on WINDOWS (8c915ab5bfadcacc78ef1ae12110bc3d)] -> xpath: //div[@class='inventory_list']//div[4]//div[@class='inventory_item_description']//div[@class='pricebar']//button]
2021-12-06 07:39:54 INFO  PageBase: pages.PageBase :58 - Waiting for the element:[[ChromeDriver: chrome on WINDOWS (8c915ab5bfadcacc78ef1ae12110bc3d)] -> xpath: //div[@class='inventory_list']//div[4]//div[@class='inventory_item_description']//div[@class='pricebar']//button] to be clickable
2021-12-06 07:39:54 INFO  PageBase: pages.PageBase :92 - Executing CLICK command on the element: [[ChromeDriver: chrome on WINDOWS (8c915ab5bfadcacc78ef1ae12110bc3d)] -> xpath: //a[@class='shopping_cart_link']]
2021-12-06 07:39:54 INFO  PageBase: pages.PageBase :73 - Executing isElementPresent command on the element: [[ChromeDriver: chrome on WINDOWS (8c915ab5bfadcacc78ef1ae12110bc3d)] -> xpath: //a[@class='shopping_cart_link']]
2021-12-06 07:39:54 INFO  PageBase: pages.PageBase :55 - Executing waitForElementTobeClickable command for the element: [[ChromeDriver: chrome on WINDOWS (8c915ab5bfadcacc78ef1ae12110bc3d)] -> xpath: //a[@class='shopping_cart_link']]
2021-12-06 07:39:54 INFO  PageBase: pages.PageBase :58 - Waiting for the element:[[ChromeDriver: chrome on WINDOWS (8c915ab5bfadcacc78ef1ae12110bc3d)] -> xpath: //a[@class='shopping_cart_link']] to be clickable
2021-12-06 07:39:54 INFO  PageBase: pages.PageBase :111 - Executing waitForPageToLoad command
2021-12-06 07:39:54 INFO  PageBase: pages.PageBase :112 - Waiting for the page to load completely
2021-12-06 07:39:54 INFO  PageBase: pages.PageBase :118 - Page is loaded completely
2021-12-06 07:39:54 INFO  PageBase: pages.PageBase :111 - Executing waitForPageToLoad command
2021-12-06 07:39:54 INFO  PageBase: pages.PageBase :112 - Waiting for the page to load completely
2021-12-06 07:39:54 INFO  PageBase: pages.PageBase :118 - Page is loaded completely
2021-12-06 07:39:54 INFO  PageBase: pages.PageBase :111 - Executing waitForPageToLoad command
2021-12-06 07:39:54 INFO  PageBase: pages.PageBase :112 - Waiting for the page to load completely
2021-12-06 07:39:54 INFO  PageBase: pages.PageBase :118 - Page is loaded completely
2021-12-06 07:39:54 INFO  PageBase: pages.PageBase :111 - Executing waitForPageToLoad command
2021-12-06 07:39:54 INFO  PageBase: pages.PageBase :112 - Waiting for the page to load completely
2021-12-06 07:39:54 INFO  PageBase: pages.PageBase :118 - Page is loaded completely
2021-12-06 07:39:54 INFO  PageBase: pages.PageBase :111 - Executing waitForPageToLoad command
2021-12-06 07:39:54 INFO  PageBase: pages.PageBase :112 - Waiting for the page to load completely
2021-12-06 07:39:54 INFO  PageBase: pages.PageBase :118 - Page is loaded completely
2021-12-06 07:39:54 INFO  PageBase: pages.PageBase :111 - Executing waitForPageToLoad command
2021-12-06 07:39:54 INFO  PageBase: pages.PageBase :112 - Waiting for the page to load completely
2021-12-06 07:39:54 INFO  PageBase: pages.PageBase :118 - Page is loaded completely
]]></system-out>
    <system-err><![CDATA[log4j:ERROR Could not find value for key log4j.appender.console
log4j:ERROR Could not instantiate appender named "console".
Dez 06, 2021 7:39:50 AM com.relevantcodes.extentreports.ExtentReports loadConfig
WARNUNG: Unable to perform report configuration. The file C:\Users\a.khawaja\IdeaProjects\Capmo\ReportsConfig.xml was not found.
SLF4J: Failed to load class "org.slf4j.impl.StaticLoggerBinder".
SLF4J: Defaulting to no-operation (NOP) logger implementation
SLF4J: See http://www.slf4j.org/codes.html#StaticLoggerBinder for further details.
Starting ChromeDriver 96.0.4664.45 (76e4c1bb2ab4671b8beba3444e61c0f17584b2fc-refs/branch-heads/4664@{#947}) on port 23237
Only local connections are allowed.
Please see https://chromedriver.chromium.org/security-considerations for suggestions on keeping ChromeDriver safe.
ChromeDriver was started successfully.
Dez 06, 2021 7:39:51 AM org.openqa.selenium.remote.ProtocolHandshake createSession
INFORMATION: Detected dialect: W3C
]]></system-err>
  </testcase>
  <testcase name="verifyClickOnBackToShopping[{Description=Happy path, ProductDescription=Get your testing superhero on with the Sauce Labs bolt T-shirt. From American Apparel, 100% ringspun combed cotton, heather gray with red bolt., Username=standard_user, ProductName=Sauce Labs Bolt T-Shirt, ProductPrice=$15.99, ProductPrice2=$49.99, SecondProductDescription=It&apos;s not every day that you come across a midweight quarter-zip fleece jacket capable of handling everything from a relaxing day outdoors to a busy day at the office., Password=secret_sauce, LastName=Test2, SecondProductName=Sauce Labs Fleece Jacket, ZipCode=4109.0, SecondProductPrice=49.99, FirstName=Test1, FirstProductPrice=15.99}](1)" classname="tests.CartPageTests" time="3.472">
    <system-out><![CDATA[LoginTest
Test starts from row - 11
Total rows are  - 1
Total cols are  - 14
2021-12-06 07:39:55 INFO  : BasePage.TestBase :142 - Running on Windows Operating System with chrome browser
2021-12-06 07:39:56 INFO  PageBase: pages.PageBase :55 - Executing waitForElementTobeClickable command for the element: [[ChromeDriver: chrome on WINDOWS (58090cb977f42a1db9df8e619b1f55cc)] -> xpath: //input[@id='user-name']]
2021-12-06 07:39:56 INFO  PageBase: pages.PageBase :58 - Waiting for the element:[[ChromeDriver: chrome on WINDOWS (58090cb977f42a1db9df8e619b1f55cc)] -> xpath: //input[@id='user-name']] to be clickable
2021-12-06 07:39:56 INFO  PageBase: pages.PageBase :73 - Executing isElementPresent command on the element: [[ChromeDriver: chrome on WINDOWS (58090cb977f42a1db9df8e619b1f55cc)] -> xpath: //input[@id='user-name']]
2021-12-06 07:39:56 INFO  PageBase: pages.PageBase :42 - Executing INPUT text command for the element:[[ChromeDriver: chrome on WINDOWS (58090cb977f42a1db9df8e619b1f55cc)] -> xpath: //input[@id='user-name']] with value: standard_user
2021-12-06 07:39:56 INFO  PageBase: pages.PageBase :55 - Executing waitForElementTobeClickable command for the element: [[ChromeDriver: chrome on WINDOWS (58090cb977f42a1db9df8e619b1f55cc)] -> xpath: //input[@id='user-name']]
2021-12-06 07:39:56 INFO  PageBase: pages.PageBase :58 - Waiting for the element:[[ChromeDriver: chrome on WINDOWS (58090cb977f42a1db9df8e619b1f55cc)] -> xpath: //input[@id='user-name']] to be clickable
2021-12-06 07:39:57 INFO  PageBase: pages.PageBase :55 - Executing waitForElementTobeClickable command for the element: [[ChromeDriver: chrome on WINDOWS (58090cb977f42a1db9df8e619b1f55cc)] -> xpath: //input[@id='password']]
2021-12-06 07:39:57 INFO  PageBase: pages.PageBase :58 - Waiting for the element:[[ChromeDriver: chrome on WINDOWS (58090cb977f42a1db9df8e619b1f55cc)] -> xpath: //input[@id='password']] to be clickable
2021-12-06 07:39:57 INFO  PageBase: pages.PageBase :73 - Executing isElementPresent command on the element: [[ChromeDriver: chrome on WINDOWS (58090cb977f42a1db9df8e619b1f55cc)] -> xpath: //input[@id='password']]
2021-12-06 07:39:57 INFO  PageBase: pages.PageBase :42 - Executing INPUT text command for the element:[[ChromeDriver: chrome on WINDOWS (58090cb977f42a1db9df8e619b1f55cc)] -> xpath: //input[@id='password']] with value: secret_sauce
2021-12-06 07:39:57 INFO  PageBase: pages.PageBase :55 - Executing waitForElementTobeClickable command for the element: [[ChromeDriver: chrome on WINDOWS (58090cb977f42a1db9df8e619b1f55cc)] -> xpath: //input[@id='password']]
2021-12-06 07:39:57 INFO  PageBase: pages.PageBase :58 - Waiting for the element:[[ChromeDriver: chrome on WINDOWS (58090cb977f42a1db9df8e619b1f55cc)] -> xpath: //input[@id='password']] to be clickable
2021-12-06 07:39:57 INFO  PageBase: pages.PageBase :55 - Executing waitForElementTobeClickable command for the element: [[ChromeDriver: chrome on WINDOWS (58090cb977f42a1db9df8e619b1f55cc)] -> xpath: //input[@id='login-button']]
2021-12-06 07:39:57 INFO  PageBase: pages.PageBase :58 - Waiting for the element:[[ChromeDriver: chrome on WINDOWS (58090cb977f42a1db9df8e619b1f55cc)] -> xpath: //input[@id='login-button']] to be clickable
2021-12-06 07:39:57 INFO  PageBase: pages.PageBase :92 - Executing CLICK command on the element: [[ChromeDriver: chrome on WINDOWS (58090cb977f42a1db9df8e619b1f55cc)] -> xpath: //input[@id='login-button']]
2021-12-06 07:39:57 INFO  PageBase: pages.PageBase :73 - Executing isElementPresent command on the element: [[ChromeDriver: chrome on WINDOWS (58090cb977f42a1db9df8e619b1f55cc)] -> xpath: //input[@id='login-button']]
2021-12-06 07:39:57 INFO  PageBase: pages.PageBase :55 - Executing waitForElementTobeClickable command for the element: [[ChromeDriver: chrome on WINDOWS (58090cb977f42a1db9df8e619b1f55cc)] -> xpath: //input[@id='login-button']]
2021-12-06 07:39:57 INFO  PageBase: pages.PageBase :58 - Waiting for the element:[[ChromeDriver: chrome on WINDOWS (58090cb977f42a1db9df8e619b1f55cc)] -> xpath: //input[@id='login-button']] to be clickable
2021-12-06 07:39:57 INFO  PageBase: pages.PageBase :111 - Executing waitForPageToLoad command
2021-12-06 07:39:57 INFO  PageBase: pages.PageBase :112 - Waiting for the page to load completely
2021-12-06 07:39:57 INFO  PageBase: pages.PageBase :118 - Page is loaded completely
2021-12-06 07:39:57 INFO  PageBase: pages.PageBase :92 - Executing CLICK command on the element: [[ChromeDriver: chrome on WINDOWS (58090cb977f42a1db9df8e619b1f55cc)] -> xpath: //div[@class='inventory_list']//div[3]//div[@class='inventory_item_description']//div[@class='pricebar']//button]
2021-12-06 07:39:57 INFO  PageBase: pages.PageBase :73 - Executing isElementPresent command on the element: [[ChromeDriver: chrome on WINDOWS (58090cb977f42a1db9df8e619b1f55cc)] -> xpath: //div[@class='inventory_list']//div[3]//div[@class='inventory_item_description']//div[@class='pricebar']//button]
2021-12-06 07:39:57 INFO  PageBase: pages.PageBase :55 - Executing waitForElementTobeClickable command for the element: [[ChromeDriver: chrome on WINDOWS (58090cb977f42a1db9df8e619b1f55cc)] -> xpath: //div[@class='inventory_list']//div[3]//div[@class='inventory_item_description']//div[@class='pricebar']//button]
2021-12-06 07:39:58 INFO  PageBase: pages.PageBase :58 - Waiting for the element:[[ChromeDriver: chrome on WINDOWS (58090cb977f42a1db9df8e619b1f55cc)] -> xpath: //div[@class='inventory_list']//div[3]//div[@class='inventory_item_description']//div[@class='pricebar']//button] to be clickable
2021-12-06 07:39:58 INFO  PageBase: pages.PageBase :92 - Executing CLICK command on the element: [[ChromeDriver: chrome on WINDOWS (58090cb977f42a1db9df8e619b1f55cc)] -> xpath: //a[@class='shopping_cart_link']]
2021-12-06 07:39:58 INFO  PageBase: pages.PageBase :73 - Executing isElementPresent command on the element: [[ChromeDriver: chrome on WINDOWS (58090cb977f42a1db9df8e619b1f55cc)] -> xpath: //a[@class='shopping_cart_link']]
2021-12-06 07:39:58 INFO  PageBase: pages.PageBase :55 - Executing waitForElementTobeClickable command for the element: [[ChromeDriver: chrome on WINDOWS (58090cb977f42a1db9df8e619b1f55cc)] -> xpath: //a[@class='shopping_cart_link']]
2021-12-06 07:39:58 INFO  PageBase: pages.PageBase :58 - Waiting for the element:[[ChromeDriver: chrome on WINDOWS (58090cb977f42a1db9df8e619b1f55cc)] -> xpath: //a[@class='shopping_cart_link']] to be clickable
2021-12-06 07:39:58 INFO  PageBase: pages.PageBase :92 - Executing CLICK command on the element: [[ChromeDriver: chrome on WINDOWS (58090cb977f42a1db9df8e619b1f55cc)] -> xpath: //button[@id='continue-shopping']]
2021-12-06 07:39:58 INFO  PageBase: pages.PageBase :73 - Executing isElementPresent command on the element: [[ChromeDriver: chrome on WINDOWS (58090cb977f42a1db9df8e619b1f55cc)] -> xpath: //button[@id='continue-shopping']]
2021-12-06 07:39:58 INFO  PageBase: pages.PageBase :55 - Executing waitForElementTobeClickable command for the element: [[ChromeDriver: chrome on WINDOWS (58090cb977f42a1db9df8e619b1f55cc)] -> xpath: //button[@id='continue-shopping']]
2021-12-06 07:39:58 INFO  PageBase: pages.PageBase :58 - Waiting for the element:[[ChromeDriver: chrome on WINDOWS (58090cb977f42a1db9df8e619b1f55cc)] -> xpath: //button[@id='continue-shopping']] to be clickable
]]></system-out>
    <system-err><![CDATA[Dez 06, 2021 7:39:55 AM com.relevantcodes.extentreports.ExtentReports loadConfig
WARNUNG: Unable to perform report configuration. The file C:\Users\a.khawaja\IdeaProjects\Capmo\ReportsConfig.xml was not found.
Starting ChromeDriver 96.0.4664.45 (76e4c1bb2ab4671b8beba3444e61c0f17584b2fc-refs/branch-heads/4664@{#947}) on port 41453
Only local connections are allowed.
Please see https://chromedriver.chromium.org/security-considerations for suggestions on keeping ChromeDriver safe.
ChromeDriver was started successfully.
Dez 06, 2021 7:39:56 AM org.openqa.selenium.remote.ProtocolHandshake createSession
INFORMATION: Detected dialect: W3C
]]></system-err>
  </testcase>
  <testcase name="verifyProductRemovalFromCart[{Description=Happy path, ProductDescription=Get your testing superhero on with the Sauce Labs bolt T-shirt. From American Apparel, 100% ringspun combed cotton, heather gray with red bolt., Username=standard_user, ProductName=Sauce Labs Bolt T-Shirt, ProductPrice=$15.99, ProductPrice2=$49.99, SecondProductDescription=It&apos;s not every day that you come across a midweight quarter-zip fleece jacket capable of handling everything from a relaxing day outdoors to a busy day at the office., Password=secret_sauce, LastName=Test2, SecondProductName=Sauce Labs Fleece Jacket, ZipCode=4109.0, SecondProductPrice=49.99, FirstName=Test1, FirstProductPrice=15.99}](1)" classname="tests.CartPageTests" time="4.457">
    <system-out><![CDATA[LoginTest
Test starts from row - 11
Total rows are  - 1
Total cols are  - 14
2021-12-06 07:39:58 INFO  : BasePage.TestBase :142 - Running on Windows Operating System with chrome browser
2021-12-06 07:40:00 INFO  PageBase: pages.PageBase :55 - Executing waitForElementTobeClickable command for the element: [[ChromeDriver: chrome on WINDOWS (5348e57da1fff66ab6a2ab1988bac04b)] -> xpath: //input[@id='user-name']]
2021-12-06 07:40:00 INFO  PageBase: pages.PageBase :58 - Waiting for the element:[[ChromeDriver: chrome on WINDOWS (5348e57da1fff66ab6a2ab1988bac04b)] -> xpath: //input[@id='user-name']] to be clickable
2021-12-06 07:40:00 INFO  PageBase: pages.PageBase :73 - Executing isElementPresent command on the element: [[ChromeDriver: chrome on WINDOWS (5348e57da1fff66ab6a2ab1988bac04b)] -> xpath: //input[@id='user-name']]
2021-12-06 07:40:00 INFO  PageBase: pages.PageBase :42 - Executing INPUT text command for the element:[[ChromeDriver: chrome on WINDOWS (5348e57da1fff66ab6a2ab1988bac04b)] -> xpath: //input[@id='user-name']] with value: standard_user
2021-12-06 07:40:00 INFO  PageBase: pages.PageBase :55 - Executing waitForElementTobeClickable command for the element: [[ChromeDriver: chrome on WINDOWS (5348e57da1fff66ab6a2ab1988bac04b)] -> xpath: //input[@id='user-name']]
2021-12-06 07:40:00 INFO  PageBase: pages.PageBase :58 - Waiting for the element:[[ChromeDriver: chrome on WINDOWS (5348e57da1fff66ab6a2ab1988bac04b)] -> xpath: //input[@id='user-name']] to be clickable
2021-12-06 07:40:00 INFO  PageBase: pages.PageBase :55 - Executing waitForElementTobeClickable command for the element: [[ChromeDriver: chrome on WINDOWS (5348e57da1fff66ab6a2ab1988bac04b)] -> xpath: //input[@id='password']]
2021-12-06 07:40:00 INFO  PageBase: pages.PageBase :58 - Waiting for the element:[[ChromeDriver: chrome on WINDOWS (5348e57da1fff66ab6a2ab1988bac04b)] -> xpath: //input[@id='password']] to be clickable
2021-12-06 07:40:00 INFO  PageBase: pages.PageBase :73 - Executing isElementPresent command on the element: [[ChromeDriver: chrome on WINDOWS (5348e57da1fff66ab6a2ab1988bac04b)] -> xpath: //input[@id='password']]
2021-12-06 07:40:00 INFO  PageBase: pages.PageBase :42 - Executing INPUT text command for the element:[[ChromeDriver: chrome on WINDOWS (5348e57da1fff66ab6a2ab1988bac04b)] -> xpath: //input[@id='password']] with value: secret_sauce
2021-12-06 07:40:00 INFO  PageBase: pages.PageBase :55 - Executing waitForElementTobeClickable command for the element: [[ChromeDriver: chrome on WINDOWS (5348e57da1fff66ab6a2ab1988bac04b)] -> xpath: //input[@id='password']]
2021-12-06 07:40:00 INFO  PageBase: pages.PageBase :58 - Waiting for the element:[[ChromeDriver: chrome on WINDOWS (5348e57da1fff66ab6a2ab1988bac04b)] -> xpath: //input[@id='password']] to be clickable
2021-12-06 07:40:01 INFO  PageBase: pages.PageBase :55 - Executing waitForElementTobeClickable command for the element: [[ChromeDriver: chrome on WINDOWS (5348e57da1fff66ab6a2ab1988bac04b)] -> xpath: //input[@id='login-button']]
2021-12-06 07:40:01 INFO  PageBase: pages.PageBase :58 - Waiting for the element:[[ChromeDriver: chrome on WINDOWS (5348e57da1fff66ab6a2ab1988bac04b)] -> xpath: //input[@id='login-button']] to be clickable
2021-12-06 07:40:01 INFO  PageBase: pages.PageBase :92 - Executing CLICK command on the element: [[ChromeDriver: chrome on WINDOWS (5348e57da1fff66ab6a2ab1988bac04b)] -> xpath: //input[@id='login-button']]
2021-12-06 07:40:01 INFO  PageBase: pages.PageBase :73 - Executing isElementPresent command on the element: [[ChromeDriver: chrome on WINDOWS (5348e57da1fff66ab6a2ab1988bac04b)] -> xpath: //input[@id='login-button']]
2021-12-06 07:40:01 INFO  PageBase: pages.PageBase :55 - Executing waitForElementTobeClickable command for the element: [[ChromeDriver: chrome on WINDOWS (5348e57da1fff66ab6a2ab1988bac04b)] -> xpath: //input[@id='login-button']]
2021-12-06 07:40:01 INFO  PageBase: pages.PageBase :58 - Waiting for the element:[[ChromeDriver: chrome on WINDOWS (5348e57da1fff66ab6a2ab1988bac04b)] -> xpath: //input[@id='login-button']] to be clickable
2021-12-06 07:40:01 INFO  PageBase: pages.PageBase :111 - Executing waitForPageToLoad command
2021-12-06 07:40:01 INFO  PageBase: pages.PageBase :112 - Waiting for the page to load completely
2021-12-06 07:40:01 INFO  PageBase: pages.PageBase :118 - Page is loaded completely
2021-12-06 07:40:01 INFO  PageBase: pages.PageBase :92 - Executing CLICK command on the element: [[ChromeDriver: chrome on WINDOWS (5348e57da1fff66ab6a2ab1988bac04b)] -> xpath: //div[@class='inventory_list']//div[3]//div[@class='inventory_item_description']//div[@class='pricebar']//button]
2021-12-06 07:40:01 INFO  PageBase: pages.PageBase :73 - Executing isElementPresent command on the element: [[ChromeDriver: chrome on WINDOWS (5348e57da1fff66ab6a2ab1988bac04b)] -> xpath: //div[@class='inventory_list']//div[3]//div[@class='inventory_item_description']//div[@class='pricebar']//button]
2021-12-06 07:40:01 INFO  PageBase: pages.PageBase :55 - Executing waitForElementTobeClickable command for the element: [[ChromeDriver: chrome on WINDOWS (5348e57da1fff66ab6a2ab1988bac04b)] -> xpath: //div[@class='inventory_list']//div[3]//div[@class='inventory_item_description']//div[@class='pricebar']//button]
2021-12-06 07:40:01 INFO  PageBase: pages.PageBase :58 - Waiting for the element:[[ChromeDriver: chrome on WINDOWS (5348e57da1fff66ab6a2ab1988bac04b)] -> xpath: //div[@class='inventory_list']//div[3]//div[@class='inventory_item_description']//div[@class='pricebar']//button] to be clickable
2021-12-06 07:40:01 INFO  PageBase: pages.PageBase :111 - Executing waitForPageToLoad command
2021-12-06 07:40:01 INFO  PageBase: pages.PageBase :112 - Waiting for the page to load completely
2021-12-06 07:40:01 INFO  PageBase: pages.PageBase :118 - Page is loaded completely
2021-12-06 07:40:01 INFO  PageBase: pages.PageBase :92 - Executing CLICK command on the element: [[ChromeDriver: chrome on WINDOWS (5348e57da1fff66ab6a2ab1988bac04b)] -> xpath: //div[@class='inventory_list']//div[4]//div[@class='inventory_item_description']//div[@class='pricebar']//button]
2021-12-06 07:40:01 INFO  PageBase: pages.PageBase :73 - Executing isElementPresent command on the element: [[ChromeDriver: chrome on WINDOWS (5348e57da1fff66ab6a2ab1988bac04b)] -> xpath: //div[@class='inventory_list']//div[4]//div[@class='inventory_item_description']//div[@class='pricebar']//button]
2021-12-06 07:40:01 INFO  PageBase: pages.PageBase :55 - Executing waitForElementTobeClickable command for the element: [[ChromeDriver: chrome on WINDOWS (5348e57da1fff66ab6a2ab1988bac04b)] -> xpath: //div[@class='inventory_list']//div[4]//div[@class='inventory_item_description']//div[@class='pricebar']//button]
2021-12-06 07:40:01 INFO  PageBase: pages.PageBase :58 - Waiting for the element:[[ChromeDriver: chrome on WINDOWS (5348e57da1fff66ab6a2ab1988bac04b)] -> xpath: //div[@class='inventory_list']//div[4]//div[@class='inventory_item_description']//div[@class='pricebar']//button] to be clickable
2021-12-06 07:40:01 INFO  PageBase: pages.PageBase :92 - Executing CLICK command on the element: [[ChromeDriver: chrome on WINDOWS (5348e57da1fff66ab6a2ab1988bac04b)] -> xpath: //a[@class='shopping_cart_link']]
2021-12-06 07:40:01 INFO  PageBase: pages.PageBase :73 - Executing isElementPresent command on the element: [[ChromeDriver: chrome on WINDOWS (5348e57da1fff66ab6a2ab1988bac04b)] -> xpath: //a[@class='shopping_cart_link']]
2021-12-06 07:40:01 INFO  PageBase: pages.PageBase :55 - Executing waitForElementTobeClickable command for the element: [[ChromeDriver: chrome on WINDOWS (5348e57da1fff66ab6a2ab1988bac04b)] -> xpath: //a[@class='shopping_cart_link']]
2021-12-06 07:40:01 INFO  PageBase: pages.PageBase :58 - Waiting for the element:[[ChromeDriver: chrome on WINDOWS (5348e57da1fff66ab6a2ab1988bac04b)] -> xpath: //a[@class='shopping_cart_link']] to be clickable
2021-12-06 07:40:02 INFO  PageBase: pages.PageBase :111 - Executing waitForPageToLoad command
2021-12-06 07:40:02 INFO  PageBase: pages.PageBase :112 - Waiting for the page to load completely
2021-12-06 07:40:02 INFO  PageBase: pages.PageBase :118 - Page is loaded completely
2021-12-06 07:40:02 INFO  PageBase: pages.PageBase :92 - Executing CLICK command on the element: [[ChromeDriver: chrome on WINDOWS (5348e57da1fff66ab6a2ab1988bac04b)] -> xpath: //div[@class='cart_list']//div[3]//div[@class='cart_item_label']//div[@class='item_pricebar']//button]
2021-12-06 07:40:02 INFO  PageBase: pages.PageBase :73 - Executing isElementPresent command on the element: [[ChromeDriver: chrome on WINDOWS (5348e57da1fff66ab6a2ab1988bac04b)] -> xpath: //div[@class='cart_list']//div[3]//div[@class='cart_item_label']//div[@class='item_pricebar']//button]
2021-12-06 07:40:02 INFO  PageBase: pages.PageBase :55 - Executing waitForElementTobeClickable command for the element: [[ChromeDriver: chrome on WINDOWS (5348e57da1fff66ab6a2ab1988bac04b)] -> xpath: //div[@class='cart_list']//div[3]//div[@class='cart_item_label']//div[@class='item_pricebar']//button]
2021-12-06 07:40:02 INFO  PageBase: pages.PageBase :58 - Waiting for the element:[[ChromeDriver: chrome on WINDOWS (5348e57da1fff66ab6a2ab1988bac04b)] -> xpath: //div[@class='cart_list']//div[3]//div[@class='cart_item_label']//div[@class='item_pricebar']//button] to be clickable
2021-12-06 07:40:03 INFO  PageBase: pages.PageBase :111 - Executing waitForPageToLoad command
2021-12-06 07:40:03 INFO  PageBase: pages.PageBase :112 - Waiting for the page to load completely
2021-12-06 07:40:03 INFO  PageBase: pages.PageBase :118 - Page is loaded completely
]]></system-out>
    <system-err><![CDATA[Dez 06, 2021 7:39:58 AM com.relevantcodes.extentreports.ExtentReports loadConfig
WARNUNG: Unable to perform report configuration. The file C:\Users\a.khawaja\IdeaProjects\Capmo\ReportsConfig.xml was not found.
Starting ChromeDriver 96.0.4664.45 (76e4c1bb2ab4671b8beba3444e61c0f17584b2fc-refs/branch-heads/4664@{#947}) on port 32556
Only local connections are allowed.
Please see https://chromedriver.chromium.org/security-considerations for suggestions on keeping ChromeDriver safe.
ChromeDriver was started successfully.
Dez 06, 2021 7:39:59 AM org.openqa.selenium.remote.ProtocolHandshake createSession
INFORMATION: Detected dialect: W3C
]]></system-err>
  </testcase>
  <testcase name="verifyCheckOutOrder[{Description=Happy path, ProductDescription=Get your testing superhero on with the Sauce Labs bolt T-shirt. From American Apparel, 100% ringspun combed cotton, heather gray with red bolt., Username=standard_user, ProductName=Sauce Labs Bolt T-Shirt, ProductPrice=$15.99, ProductPrice2=$49.99, SecondProductDescription=It&apos;s not every day that you come across a midweight quarter-zip fleece jacket capable of handling everything from a relaxing day outdoors to a busy day at the office., Password=secret_sauce, LastName=Test2, SecondProductName=Sauce Labs Fleece Jacket, ZipCode=4109.0, SecondProductPrice=49.99, FirstName=Test1, FirstProductPrice=15.99}](1)" classname="tests.CheckOutPageTests" time="5.919">
    <system-out><![CDATA[LoginTest
Test starts from row - 11
Total rows are  - 1
Total cols are  - 14
2021-12-06 07:40:03 INFO  : BasePage.TestBase :142 - Running on Windows Operating System with chrome browser
2021-12-06 07:40:05 INFO  PageBase: pages.PageBase :55 - Executing waitForElementTobeClickable command for the element: [[ChromeDriver: chrome on WINDOWS (75dc3da5c0c4f83400c143934089782f)] -> xpath: //input[@id='user-name']]
2021-12-06 07:40:05 INFO  PageBase: pages.PageBase :58 - Waiting for the element:[[ChromeDriver: chrome on WINDOWS (75dc3da5c0c4f83400c143934089782f)] -> xpath: //input[@id='user-name']] to be clickable
2021-12-06 07:40:05 INFO  PageBase: pages.PageBase :73 - Executing isElementPresent command on the element: [[ChromeDriver: chrome on WINDOWS (75dc3da5c0c4f83400c143934089782f)] -> xpath: //input[@id='user-name']]
2021-12-06 07:40:05 INFO  PageBase: pages.PageBase :42 - Executing INPUT text command for the element:[[ChromeDriver: chrome on WINDOWS (75dc3da5c0c4f83400c143934089782f)] -> xpath: //input[@id='user-name']] with value: standard_user
2021-12-06 07:40:05 INFO  PageBase: pages.PageBase :55 - Executing waitForElementTobeClickable command for the element: [[ChromeDriver: chrome on WINDOWS (75dc3da5c0c4f83400c143934089782f)] -> xpath: //input[@id='user-name']]
2021-12-06 07:40:05 INFO  PageBase: pages.PageBase :58 - Waiting for the element:[[ChromeDriver: chrome on WINDOWS (75dc3da5c0c4f83400c143934089782f)] -> xpath: //input[@id='user-name']] to be clickable
2021-12-06 07:40:05 INFO  PageBase: pages.PageBase :55 - Executing waitForElementTobeClickable command for the element: [[ChromeDriver: chrome on WINDOWS (75dc3da5c0c4f83400c143934089782f)] -> xpath: //input[@id='password']]
2021-12-06 07:40:05 INFO  PageBase: pages.PageBase :58 - Waiting for the element:[[ChromeDriver: chrome on WINDOWS (75dc3da5c0c4f83400c143934089782f)] -> xpath: //input[@id='password']] to be clickable
2021-12-06 07:40:05 INFO  PageBase: pages.PageBase :73 - Executing isElementPresent command on the element: [[ChromeDriver: chrome on WINDOWS (75dc3da5c0c4f83400c143934089782f)] -> xpath: //input[@id='password']]
2021-12-06 07:40:05 INFO  PageBase: pages.PageBase :42 - Executing INPUT text command for the element:[[ChromeDriver: chrome on WINDOWS (75dc3da5c0c4f83400c143934089782f)] -> xpath: //input[@id='password']] with value: secret_sauce
2021-12-06 07:40:05 INFO  PageBase: pages.PageBase :55 - Executing waitForElementTobeClickable command for the element: [[ChromeDriver: chrome on WINDOWS (75dc3da5c0c4f83400c143934089782f)] -> xpath: //input[@id='password']]
2021-12-06 07:40:06 INFO  PageBase: pages.PageBase :58 - Waiting for the element:[[ChromeDriver: chrome on WINDOWS (75dc3da5c0c4f83400c143934089782f)] -> xpath: //input[@id='password']] to be clickable
2021-12-06 07:40:06 INFO  PageBase: pages.PageBase :55 - Executing waitForElementTobeClickable command for the element: [[ChromeDriver: chrome on WINDOWS (75dc3da5c0c4f83400c143934089782f)] -> xpath: //input[@id='login-button']]
2021-12-06 07:40:06 INFO  PageBase: pages.PageBase :58 - Waiting for the element:[[ChromeDriver: chrome on WINDOWS (75dc3da5c0c4f83400c143934089782f)] -> xpath: //input[@id='login-button']] to be clickable
2021-12-06 07:40:06 INFO  PageBase: pages.PageBase :92 - Executing CLICK command on the element: [[ChromeDriver: chrome on WINDOWS (75dc3da5c0c4f83400c143934089782f)] -> xpath: //input[@id='login-button']]
2021-12-06 07:40:06 INFO  PageBase: pages.PageBase :73 - Executing isElementPresent command on the element: [[ChromeDriver: chrome on WINDOWS (75dc3da5c0c4f83400c143934089782f)] -> xpath: //input[@id='login-button']]
2021-12-06 07:40:06 INFO  PageBase: pages.PageBase :55 - Executing waitForElementTobeClickable command for the element: [[ChromeDriver: chrome on WINDOWS (75dc3da5c0c4f83400c143934089782f)] -> xpath: //input[@id='login-button']]
2021-12-06 07:40:06 INFO  PageBase: pages.PageBase :58 - Waiting for the element:[[ChromeDriver: chrome on WINDOWS (75dc3da5c0c4f83400c143934089782f)] -> xpath: //input[@id='login-button']] to be clickable
2021-12-06 07:40:06 INFO  PageBase: pages.PageBase :111 - Executing waitForPageToLoad command
2021-12-06 07:40:06 INFO  PageBase: pages.PageBase :112 - Waiting for the page to load completely
2021-12-06 07:40:06 INFO  PageBase: pages.PageBase :118 - Page is loaded completely
2021-12-06 07:40:06 INFO  PageBase: pages.PageBase :92 - Executing CLICK command on the element: [[ChromeDriver: chrome on WINDOWS (75dc3da5c0c4f83400c143934089782f)] -> xpath: //div[@class='inventory_list']//div[3]//div[@class='inventory_item_description']//div[@class='pricebar']//button]
2021-12-06 07:40:06 INFO  PageBase: pages.PageBase :73 - Executing isElementPresent command on the element: [[ChromeDriver: chrome on WINDOWS (75dc3da5c0c4f83400c143934089782f)] -> xpath: //div[@class='inventory_list']//div[3]//div[@class='inventory_item_description']//div[@class='pricebar']//button]
2021-12-06 07:40:06 INFO  PageBase: pages.PageBase :55 - Executing waitForElementTobeClickable command for the element: [[ChromeDriver: chrome on WINDOWS (75dc3da5c0c4f83400c143934089782f)] -> xpath: //div[@class='inventory_list']//div[3]//div[@class='inventory_item_description']//div[@class='pricebar']//button]
2021-12-06 07:40:06 INFO  PageBase: pages.PageBase :58 - Waiting for the element:[[ChromeDriver: chrome on WINDOWS (75dc3da5c0c4f83400c143934089782f)] -> xpath: //div[@class='inventory_list']//div[3]//div[@class='inventory_item_description']//div[@class='pricebar']//button] to be clickable
2021-12-06 07:40:06 INFO  PageBase: pages.PageBase :111 - Executing waitForPageToLoad command
2021-12-06 07:40:06 INFO  PageBase: pages.PageBase :112 - Waiting for the page to load completely
2021-12-06 07:40:06 INFO  PageBase: pages.PageBase :118 - Page is loaded completely
2021-12-06 07:40:07 INFO  PageBase: pages.PageBase :92 - Executing CLICK command on the element: [[ChromeDriver: chrome on WINDOWS (75dc3da5c0c4f83400c143934089782f)] -> xpath: //div[@class='inventory_list']//div[4]//div[@class='inventory_item_description']//div[@class='pricebar']//button]
2021-12-06 07:40:07 INFO  PageBase: pages.PageBase :73 - Executing isElementPresent command on the element: [[ChromeDriver: chrome on WINDOWS (75dc3da5c0c4f83400c143934089782f)] -> xpath: //div[@class='inventory_list']//div[4]//div[@class='inventory_item_description']//div[@class='pricebar']//button]
2021-12-06 07:40:07 INFO  PageBase: pages.PageBase :55 - Executing waitForElementTobeClickable command for the element: [[ChromeDriver: chrome on WINDOWS (75dc3da5c0c4f83400c143934089782f)] -> xpath: //div[@class='inventory_list']//div[4]//div[@class='inventory_item_description']//div[@class='pricebar']//button]
2021-12-06 07:40:07 INFO  PageBase: pages.PageBase :58 - Waiting for the element:[[ChromeDriver: chrome on WINDOWS (75dc3da5c0c4f83400c143934089782f)] -> xpath: //div[@class='inventory_list']//div[4]//div[@class='inventory_item_description']//div[@class='pricebar']//button] to be clickable
2021-12-06 07:40:07 INFO  PageBase: pages.PageBase :92 - Executing CLICK command on the element: [[ChromeDriver: chrome on WINDOWS (75dc3da5c0c4f83400c143934089782f)] -> xpath: //a[@class='shopping_cart_link']]
2021-12-06 07:40:07 INFO  PageBase: pages.PageBase :73 - Executing isElementPresent command on the element: [[ChromeDriver: chrome on WINDOWS (75dc3da5c0c4f83400c143934089782f)] -> xpath: //a[@class='shopping_cart_link']]
2021-12-06 07:40:07 INFO  PageBase: pages.PageBase :55 - Executing waitForElementTobeClickable command for the element: [[ChromeDriver: chrome on WINDOWS (75dc3da5c0c4f83400c143934089782f)] -> xpath: //a[@class='shopping_cart_link']]
2021-12-06 07:40:07 INFO  PageBase: pages.PageBase :58 - Waiting for the element:[[ChromeDriver: chrome on WINDOWS (75dc3da5c0c4f83400c143934089782f)] -> xpath: //a[@class='shopping_cart_link']] to be clickable
2021-12-06 07:40:07 INFO  PageBase: pages.PageBase :92 - Executing CLICK command on the element: [[ChromeDriver: chrome on WINDOWS (75dc3da5c0c4f83400c143934089782f)] -> xpath: //button[@id='checkout']]
2021-12-06 07:40:07 INFO  PageBase: pages.PageBase :73 - Executing isElementPresent command on the element: [[ChromeDriver: chrome on WINDOWS (75dc3da5c0c4f83400c143934089782f)] -> xpath: //button[@id='checkout']]
2021-12-06 07:40:07 INFO  PageBase: pages.PageBase :55 - Executing waitForElementTobeClickable command for the element: [[ChromeDriver: chrome on WINDOWS (75dc3da5c0c4f83400c143934089782f)] -> xpath: //button[@id='checkout']]
2021-12-06 07:40:07 INFO  PageBase: pages.PageBase :58 - Waiting for the element:[[ChromeDriver: chrome on WINDOWS (75dc3da5c0c4f83400c143934089782f)] -> xpath: //button[@id='checkout']] to be clickable
2021-12-06 07:40:07 INFO  PageBase: pages.PageBase :55 - Executing waitForElementTobeClickable command for the element: [[ChromeDriver: chrome on WINDOWS (75dc3da5c0c4f83400c143934089782f)] -> xpath: //input[@id='first-name']]
2021-12-06 07:40:07 INFO  PageBase: pages.PageBase :58 - Waiting for the element:[[ChromeDriver: chrome on WINDOWS (75dc3da5c0c4f83400c143934089782f)] -> xpath: //input[@id='first-name']] to be clickable
2021-12-06 07:40:07 INFO  PageBase: pages.PageBase :73 - Executing isElementPresent command on the element: [[ChromeDriver: chrome on WINDOWS (75dc3da5c0c4f83400c143934089782f)] -> xpath: //input[@id='first-name']]
2021-12-06 07:40:07 INFO  PageBase: pages.PageBase :42 - Executing INPUT text command for the element:[[ChromeDriver: chrome on WINDOWS (75dc3da5c0c4f83400c143934089782f)] -> xpath: //input[@id='first-name']] with value: Test1
2021-12-06 07:40:07 INFO  PageBase: pages.PageBase :55 - Executing waitForElementTobeClickable command for the element: [[ChromeDriver: chrome on WINDOWS (75dc3da5c0c4f83400c143934089782f)] -> xpath: //input[@id='first-name']]
2021-12-06 07:40:07 INFO  PageBase: pages.PageBase :58 - Waiting for the element:[[ChromeDriver: chrome on WINDOWS (75dc3da5c0c4f83400c143934089782f)] -> xpath: //input[@id='first-name']] to be clickable
2021-12-06 07:40:08 INFO  PageBase: pages.PageBase :55 - Executing waitForElementTobeClickable command for the element: [[ChromeDriver: chrome on WINDOWS (75dc3da5c0c4f83400c143934089782f)] -> xpath: //input[@id='last-name']]
2021-12-06 07:40:08 INFO  PageBase: pages.PageBase :58 - Waiting for the element:[[ChromeDriver: chrome on WINDOWS (75dc3da5c0c4f83400c143934089782f)] -> xpath: //input[@id='last-name']] to be clickable
2021-12-06 07:40:08 INFO  PageBase: pages.PageBase :73 - Executing isElementPresent command on the element: [[ChromeDriver: chrome on WINDOWS (75dc3da5c0c4f83400c143934089782f)] -> xpath: //input[@id='last-name']]
2021-12-06 07:40:08 INFO  PageBase: pages.PageBase :42 - Executing INPUT text command for the element:[[ChromeDriver: chrome on WINDOWS (75dc3da5c0c4f83400c143934089782f)] -> xpath: //input[@id='last-name']] with value: Test2
2021-12-06 07:40:08 INFO  PageBase: pages.PageBase :55 - Executing waitForElementTobeClickable command for the element: [[ChromeDriver: chrome on WINDOWS (75dc3da5c0c4f83400c143934089782f)] -> xpath: //input[@id='last-name']]
2021-12-06 07:40:08 INFO  PageBase: pages.PageBase :58 - Waiting for the element:[[ChromeDriver: chrome on WINDOWS (75dc3da5c0c4f83400c143934089782f)] -> xpath: //input[@id='last-name']] to be clickable
2021-12-06 07:40:08 INFO  PageBase: pages.PageBase :55 - Executing waitForElementTobeClickable command for the element: [[ChromeDriver: chrome on WINDOWS (75dc3da5c0c4f83400c143934089782f)] -> xpath: //input[@id='postal-code']]
2021-12-06 07:40:08 INFO  PageBase: pages.PageBase :58 - Waiting for the element:[[ChromeDriver: chrome on WINDOWS (75dc3da5c0c4f83400c143934089782f)] -> xpath: //input[@id='postal-code']] to be clickable
2021-12-06 07:40:08 INFO  PageBase: pages.PageBase :73 - Executing isElementPresent command on the element: [[ChromeDriver: chrome on WINDOWS (75dc3da5c0c4f83400c143934089782f)] -> xpath: //input[@id='postal-code']]
2021-12-06 07:40:08 INFO  PageBase: pages.PageBase :42 - Executing INPUT text command for the element:[[ChromeDriver: chrome on WINDOWS (75dc3da5c0c4f83400c143934089782f)] -> xpath: //input[@id='postal-code']] with value: 4109.0
2021-12-06 07:40:08 INFO  PageBase: pages.PageBase :55 - Executing waitForElementTobeClickable command for the element: [[ChromeDriver: chrome on WINDOWS (75dc3da5c0c4f83400c143934089782f)] -> xpath: //input[@id='postal-code']]
2021-12-06 07:40:08 INFO  PageBase: pages.PageBase :58 - Waiting for the element:[[ChromeDriver: chrome on WINDOWS (75dc3da5c0c4f83400c143934089782f)] -> xpath: //input[@id='postal-code']] to be clickable
2021-12-06 07:40:08 INFO  PageBase: pages.PageBase :92 - Executing CLICK command on the element: [[ChromeDriver: chrome on WINDOWS (75dc3da5c0c4f83400c143934089782f)] -> xpath: //input[@id='continue']]
2021-12-06 07:40:08 INFO  PageBase: pages.PageBase :73 - Executing isElementPresent command on the element: [[ChromeDriver: chrome on WINDOWS (75dc3da5c0c4f83400c143934089782f)] -> xpath: //input[@id='continue']]
2021-12-06 07:40:08 INFO  PageBase: pages.PageBase :55 - Executing waitForElementTobeClickable command for the element: [[ChromeDriver: chrome on WINDOWS (75dc3da5c0c4f83400c143934089782f)] -> xpath: //input[@id='continue']]
2021-12-06 07:40:08 INFO  PageBase: pages.PageBase :58 - Waiting for the element:[[ChromeDriver: chrome on WINDOWS (75dc3da5c0c4f83400c143934089782f)] -> xpath: //input[@id='continue']] to be clickable
2021-12-06 07:40:09 INFO  PageBase: pages.PageBase :111 - Executing waitForPageToLoad command
2021-12-06 07:40:09 INFO  PageBase: pages.PageBase :112 - Waiting for the page to load completely
2021-12-06 07:40:09 INFO  PageBase: pages.PageBase :118 - Page is loaded completely
2021-12-06 07:40:09 INFO  PageBase: pages.PageBase :111 - Executing waitForPageToLoad command
2021-12-06 07:40:09 INFO  PageBase: pages.PageBase :112 - Waiting for the page to load completely
2021-12-06 07:40:09 INFO  PageBase: pages.PageBase :118 - Page is loaded completely
2021-12-06 07:40:09 INFO  PageBase: pages.PageBase :92 - Executing CLICK command on the element: [[ChromeDriver: chrome on WINDOWS (75dc3da5c0c4f83400c143934089782f)] -> xpath: //button[@id='finish']]
2021-12-06 07:40:09 INFO  PageBase: pages.PageBase :73 - Executing isElementPresent command on the element: [[ChromeDriver: chrome on WINDOWS (75dc3da5c0c4f83400c143934089782f)] -> xpath: //button[@id='finish']]
2021-12-06 07:40:09 INFO  PageBase: pages.PageBase :55 - Executing waitForElementTobeClickable command for the element: [[ChromeDriver: chrome on WINDOWS (75dc3da5c0c4f83400c143934089782f)] -> xpath: //button[@id='finish']]
2021-12-06 07:40:09 INFO  PageBase: pages.PageBase :58 - Waiting for the element:[[ChromeDriver: chrome on WINDOWS (75dc3da5c0c4f83400c143934089782f)] -> xpath: //button[@id='finish']] to be clickable
]]></system-out>
    <system-err><![CDATA[Dez 06, 2021 7:40:03 AM com.relevantcodes.extentreports.ExtentReports loadConfig
WARNUNG: Unable to perform report configuration. The file C:\Users\a.khawaja\IdeaProjects\Capmo\ReportsConfig.xml was not found.
Starting ChromeDriver 96.0.4664.45 (76e4c1bb2ab4671b8beba3444e61c0f17584b2fc-refs/branch-heads/4664@{#947}) on port 2299
Only local connections are allowed.
Please see https://chromedriver.chromium.org/security-considerations for suggestions on keeping ChromeDriver safe.
ChromeDriver was started successfully.
Dez 06, 2021 7:40:04 AM org.openqa.selenium.remote.ProtocolHandshake createSession
INFORMATION: Detected dialect: W3C
]]></system-err>
  </testcase>
  <testcase name="verifyOderCancelOnCheckOutPage[{Description=Happy path, ProductDescription=Get your testing superhero on with the Sauce Labs bolt T-shirt. From American Apparel, 100% ringspun combed cotton, heather gray with red bolt., Username=standard_user, ProductName=Sauce Labs Bolt T-Shirt, ProductPrice=$15.99, ProductPrice2=$49.99, SecondProductDescription=It&apos;s not every day that you come across a midweight quarter-zip fleece jacket capable of handling everything from a relaxing day outdoors to a busy day at the office., Password=secret_sauce, LastName=Test2, SecondProductName=Sauce Labs Fleece Jacket, ZipCode=4109.0, SecondProductPrice=49.99, FirstName=Test1, FirstProductPrice=15.99}](1)" classname="tests.CheckOutPageTests" time="5.526">
    <system-out><![CDATA[LoginTest
Test starts from row - 11
Total rows are  - 1
Total cols are  - 14
2021-12-06 07:40:09 INFO  : BasePage.TestBase :142 - Running on Windows Operating System with chrome browser
2021-12-06 07:40:11 INFO  PageBase: pages.PageBase :55 - Executing waitForElementTobeClickable command for the element: [[ChromeDriver: chrome on WINDOWS (c2564bdd19d21473e7b500a51add5878)] -> xpath: //input[@id='user-name']]
2021-12-06 07:40:11 INFO  PageBase: pages.PageBase :58 - Waiting for the element:[[ChromeDriver: chrome on WINDOWS (c2564bdd19d21473e7b500a51add5878)] -> xpath: //input[@id='user-name']] to be clickable
2021-12-06 07:40:11 INFO  PageBase: pages.PageBase :73 - Executing isElementPresent command on the element: [[ChromeDriver: chrome on WINDOWS (c2564bdd19d21473e7b500a51add5878)] -> xpath: //input[@id='user-name']]
2021-12-06 07:40:11 INFO  PageBase: pages.PageBase :42 - Executing INPUT text command for the element:[[ChromeDriver: chrome on WINDOWS (c2564bdd19d21473e7b500a51add5878)] -> xpath: //input[@id='user-name']] with value: standard_user
2021-12-06 07:40:11 INFO  PageBase: pages.PageBase :55 - Executing waitForElementTobeClickable command for the element: [[ChromeDriver: chrome on WINDOWS (c2564bdd19d21473e7b500a51add5878)] -> xpath: //input[@id='user-name']]
2021-12-06 07:40:11 INFO  PageBase: pages.PageBase :58 - Waiting for the element:[[ChromeDriver: chrome on WINDOWS (c2564bdd19d21473e7b500a51add5878)] -> xpath: //input[@id='user-name']] to be clickable
2021-12-06 07:40:11 INFO  PageBase: pages.PageBase :55 - Executing waitForElementTobeClickable command for the element: [[ChromeDriver: chrome on WINDOWS (c2564bdd19d21473e7b500a51add5878)] -> xpath: //input[@id='password']]
2021-12-06 07:40:11 INFO  PageBase: pages.PageBase :58 - Waiting for the element:[[ChromeDriver: chrome on WINDOWS (c2564bdd19d21473e7b500a51add5878)] -> xpath: //input[@id='password']] to be clickable
2021-12-06 07:40:11 INFO  PageBase: pages.PageBase :73 - Executing isElementPresent command on the element: [[ChromeDriver: chrome on WINDOWS (c2564bdd19d21473e7b500a51add5878)] -> xpath: //input[@id='password']]
2021-12-06 07:40:11 INFO  PageBase: pages.PageBase :42 - Executing INPUT text command for the element:[[ChromeDriver: chrome on WINDOWS (c2564bdd19d21473e7b500a51add5878)] -> xpath: //input[@id='password']] with value: secret_sauce
2021-12-06 07:40:11 INFO  PageBase: pages.PageBase :55 - Executing waitForElementTobeClickable command for the element: [[ChromeDriver: chrome on WINDOWS (c2564bdd19d21473e7b500a51add5878)] -> xpath: //input[@id='password']]
2021-12-06 07:40:11 INFO  PageBase: pages.PageBase :58 - Waiting for the element:[[ChromeDriver: chrome on WINDOWS (c2564bdd19d21473e7b500a51add5878)] -> xpath: //input[@id='password']] to be clickable
2021-12-06 07:40:12 INFO  PageBase: pages.PageBase :55 - Executing waitForElementTobeClickable command for the element: [[ChromeDriver: chrome on WINDOWS (c2564bdd19d21473e7b500a51add5878)] -> xpath: //input[@id='login-button']]
2021-12-06 07:40:12 INFO  PageBase: pages.PageBase :58 - Waiting for the element:[[ChromeDriver: chrome on WINDOWS (c2564bdd19d21473e7b500a51add5878)] -> xpath: //input[@id='login-button']] to be clickable
2021-12-06 07:40:12 INFO  PageBase: pages.PageBase :92 - Executing CLICK command on the element: [[ChromeDriver: chrome on WINDOWS (c2564bdd19d21473e7b500a51add5878)] -> xpath: //input[@id='login-button']]
2021-12-06 07:40:12 INFO  PageBase: pages.PageBase :73 - Executing isElementPresent command on the element: [[ChromeDriver: chrome on WINDOWS (c2564bdd19d21473e7b500a51add5878)] -> xpath: //input[@id='login-button']]
2021-12-06 07:40:12 INFO  PageBase: pages.PageBase :55 - Executing waitForElementTobeClickable command for the element: [[ChromeDriver: chrome on WINDOWS (c2564bdd19d21473e7b500a51add5878)] -> xpath: //input[@id='login-button']]
2021-12-06 07:40:12 INFO  PageBase: pages.PageBase :58 - Waiting for the element:[[ChromeDriver: chrome on WINDOWS (c2564bdd19d21473e7b500a51add5878)] -> xpath: //input[@id='login-button']] to be clickable
2021-12-06 07:40:12 INFO  PageBase: pages.PageBase :111 - Executing waitForPageToLoad command
2021-12-06 07:40:12 INFO  PageBase: pages.PageBase :112 - Waiting for the page to load completely
2021-12-06 07:40:12 INFO  PageBase: pages.PageBase :118 - Page is loaded completely
2021-12-06 07:40:12 INFO  PageBase: pages.PageBase :92 - Executing CLICK command on the element: [[ChromeDriver: chrome on WINDOWS (c2564bdd19d21473e7b500a51add5878)] -> xpath: //div[@class='inventory_list']//div[3]//div[@class='inventory_item_description']//div[@class='pricebar']//button]
2021-12-06 07:40:12 INFO  PageBase: pages.PageBase :73 - Executing isElementPresent command on the element: [[ChromeDriver: chrome on WINDOWS (c2564bdd19d21473e7b500a51add5878)] -> xpath: //div[@class='inventory_list']//div[3]//div[@class='inventory_item_description']//div[@class='pricebar']//button]
2021-12-06 07:40:12 INFO  PageBase: pages.PageBase :55 - Executing waitForElementTobeClickable command for the element: [[ChromeDriver: chrome on WINDOWS (c2564bdd19d21473e7b500a51add5878)] -> xpath: //div[@class='inventory_list']//div[3]//div[@class='inventory_item_description']//div[@class='pricebar']//button]
2021-12-06 07:40:12 INFO  PageBase: pages.PageBase :58 - Waiting for the element:[[ChromeDriver: chrome on WINDOWS (c2564bdd19d21473e7b500a51add5878)] -> xpath: //div[@class='inventory_list']//div[3]//div[@class='inventory_item_description']//div[@class='pricebar']//button] to be clickable
2021-12-06 07:40:12 INFO  PageBase: pages.PageBase :111 - Executing waitForPageToLoad command
2021-12-06 07:40:12 INFO  PageBase: pages.PageBase :112 - Waiting for the page to load completely
2021-12-06 07:40:12 INFO  PageBase: pages.PageBase :118 - Page is loaded completely
2021-12-06 07:40:12 INFO  PageBase: pages.PageBase :92 - Executing CLICK command on the element: [[ChromeDriver: chrome on WINDOWS (c2564bdd19d21473e7b500a51add5878)] -> xpath: //div[@class='inventory_list']//div[4]//div[@class='inventory_item_description']//div[@class='pricebar']//button]
2021-12-06 07:40:12 INFO  PageBase: pages.PageBase :73 - Executing isElementPresent command on the element: [[ChromeDriver: chrome on WINDOWS (c2564bdd19d21473e7b500a51add5878)] -> xpath: //div[@class='inventory_list']//div[4]//div[@class='inventory_item_description']//div[@class='pricebar']//button]
2021-12-06 07:40:12 INFO  PageBase: pages.PageBase :55 - Executing waitForElementTobeClickable command for the element: [[ChromeDriver: chrome on WINDOWS (c2564bdd19d21473e7b500a51add5878)] -> xpath: //div[@class='inventory_list']//div[4]//div[@class='inventory_item_description']//div[@class='pricebar']//button]
2021-12-06 07:40:12 INFO  PageBase: pages.PageBase :58 - Waiting for the element:[[ChromeDriver: chrome on WINDOWS (c2564bdd19d21473e7b500a51add5878)] -> xpath: //div[@class='inventory_list']//div[4]//div[@class='inventory_item_description']//div[@class='pricebar']//button] to be clickable
2021-12-06 07:40:13 INFO  PageBase: pages.PageBase :92 - Executing CLICK command on the element: [[ChromeDriver: chrome on WINDOWS (c2564bdd19d21473e7b500a51add5878)] -> xpath: //a[@class='shopping_cart_link']]
2021-12-06 07:40:13 INFO  PageBase: pages.PageBase :73 - Executing isElementPresent command on the element: [[ChromeDriver: chrome on WINDOWS (c2564bdd19d21473e7b500a51add5878)] -> xpath: //a[@class='shopping_cart_link']]
2021-12-06 07:40:13 INFO  PageBase: pages.PageBase :55 - Executing waitForElementTobeClickable command for the element: [[ChromeDriver: chrome on WINDOWS (c2564bdd19d21473e7b500a51add5878)] -> xpath: //a[@class='shopping_cart_link']]
2021-12-06 07:40:13 INFO  PageBase: pages.PageBase :58 - Waiting for the element:[[ChromeDriver: chrome on WINDOWS (c2564bdd19d21473e7b500a51add5878)] -> xpath: //a[@class='shopping_cart_link']] to be clickable
2021-12-06 07:40:13 INFO  PageBase: pages.PageBase :92 - Executing CLICK command on the element: [[ChromeDriver: chrome on WINDOWS (c2564bdd19d21473e7b500a51add5878)] -> xpath: //button[@id='checkout']]
2021-12-06 07:40:13 INFO  PageBase: pages.PageBase :73 - Executing isElementPresent command on the element: [[ChromeDriver: chrome on WINDOWS (c2564bdd19d21473e7b500a51add5878)] -> xpath: //button[@id='checkout']]
2021-12-06 07:40:13 INFO  PageBase: pages.PageBase :55 - Executing waitForElementTobeClickable command for the element: [[ChromeDriver: chrome on WINDOWS (c2564bdd19d21473e7b500a51add5878)] -> xpath: //button[@id='checkout']]
2021-12-06 07:40:13 INFO  PageBase: pages.PageBase :58 - Waiting for the element:[[ChromeDriver: chrome on WINDOWS (c2564bdd19d21473e7b500a51add5878)] -> xpath: //button[@id='checkout']] to be clickable
2021-12-06 07:40:13 INFO  PageBase: pages.PageBase :55 - Executing waitForElementTobeClickable command for the element: [[ChromeDriver: chrome on WINDOWS (c2564bdd19d21473e7b500a51add5878)] -> xpath: //input[@id='first-name']]
2021-12-06 07:40:13 INFO  PageBase: pages.PageBase :58 - Waiting for the element:[[ChromeDriver: chrome on WINDOWS (c2564bdd19d21473e7b500a51add5878)] -> xpath: //input[@id='first-name']] to be clickable
2021-12-06 07:40:13 INFO  PageBase: pages.PageBase :73 - Executing isElementPresent command on the element: [[ChromeDriver: chrome on WINDOWS (c2564bdd19d21473e7b500a51add5878)] -> xpath: //input[@id='first-name']]
2021-12-06 07:40:13 INFO  PageBase: pages.PageBase :42 - Executing INPUT text command for the element:[[ChromeDriver: chrome on WINDOWS (c2564bdd19d21473e7b500a51add5878)] -> xpath: //input[@id='first-name']] with value: Test1
2021-12-06 07:40:13 INFO  PageBase: pages.PageBase :55 - Executing waitForElementTobeClickable command for the element: [[ChromeDriver: chrome on WINDOWS (c2564bdd19d21473e7b500a51add5878)] -> xpath: //input[@id='first-name']]
2021-12-06 07:40:13 INFO  PageBase: pages.PageBase :58 - Waiting for the element:[[ChromeDriver: chrome on WINDOWS (c2564bdd19d21473e7b500a51add5878)] -> xpath: //input[@id='first-name']] to be clickable
2021-12-06 07:40:13 INFO  PageBase: pages.PageBase :55 - Executing waitForElementTobeClickable command for the element: [[ChromeDriver: chrome on WINDOWS (c2564bdd19d21473e7b500a51add5878)] -> xpath: //input[@id='last-name']]
2021-12-06 07:40:14 INFO  PageBase: pages.PageBase :58 - Waiting for the element:[[ChromeDriver: chrome on WINDOWS (c2564bdd19d21473e7b500a51add5878)] -> xpath: //input[@id='last-name']] to be clickable
2021-12-06 07:40:14 INFO  PageBase: pages.PageBase :73 - Executing isElementPresent command on the element: [[ChromeDriver: chrome on WINDOWS (c2564bdd19d21473e7b500a51add5878)] -> xpath: //input[@id='last-name']]
2021-12-06 07:40:14 INFO  PageBase: pages.PageBase :42 - Executing INPUT text command for the element:[[ChromeDriver: chrome on WINDOWS (c2564bdd19d21473e7b500a51add5878)] -> xpath: //input[@id='last-name']] with value: Test2
2021-12-06 07:40:14 INFO  PageBase: pages.PageBase :55 - Executing waitForElementTobeClickable command for the element: [[ChromeDriver: chrome on WINDOWS (c2564bdd19d21473e7b500a51add5878)] -> xpath: //input[@id='last-name']]
2021-12-06 07:40:14 INFO  PageBase: pages.PageBase :58 - Waiting for the element:[[ChromeDriver: chrome on WINDOWS (c2564bdd19d21473e7b500a51add5878)] -> xpath: //input[@id='last-name']] to be clickable
2021-12-06 07:40:14 INFO  PageBase: pages.PageBase :55 - Executing waitForElementTobeClickable command for the element: [[ChromeDriver: chrome on WINDOWS (c2564bdd19d21473e7b500a51add5878)] -> xpath: //input[@id='postal-code']]
2021-12-06 07:40:14 INFO  PageBase: pages.PageBase :58 - Waiting for the element:[[ChromeDriver: chrome on WINDOWS (c2564bdd19d21473e7b500a51add5878)] -> xpath: //input[@id='postal-code']] to be clickable
2021-12-06 07:40:14 INFO  PageBase: pages.PageBase :73 - Executing isElementPresent command on the element: [[ChromeDriver: chrome on WINDOWS (c2564bdd19d21473e7b500a51add5878)] -> xpath: //input[@id='postal-code']]
2021-12-06 07:40:14 INFO  PageBase: pages.PageBase :42 - Executing INPUT text command for the element:[[ChromeDriver: chrome on WINDOWS (c2564bdd19d21473e7b500a51add5878)] -> xpath: //input[@id='postal-code']] with value: 4109.0
2021-12-06 07:40:14 INFO  PageBase: pages.PageBase :55 - Executing waitForElementTobeClickable command for the element: [[ChromeDriver: chrome on WINDOWS (c2564bdd19d21473e7b500a51add5878)] -> xpath: //input[@id='postal-code']]
2021-12-06 07:40:14 INFO  PageBase: pages.PageBase :58 - Waiting for the element:[[ChromeDriver: chrome on WINDOWS (c2564bdd19d21473e7b500a51add5878)] -> xpath: //input[@id='postal-code']] to be clickable
2021-12-06 07:40:14 INFO  PageBase: pages.PageBase :92 - Executing CLICK command on the element: [[ChromeDriver: chrome on WINDOWS (c2564bdd19d21473e7b500a51add5878)] -> xpath: //input[@id='continue']]
2021-12-06 07:40:14 INFO  PageBase: pages.PageBase :73 - Executing isElementPresent command on the element: [[ChromeDriver: chrome on WINDOWS (c2564bdd19d21473e7b500a51add5878)] -> xpath: //input[@id='continue']]
2021-12-06 07:40:14 INFO  PageBase: pages.PageBase :55 - Executing waitForElementTobeClickable command for the element: [[ChromeDriver: chrome on WINDOWS (c2564bdd19d21473e7b500a51add5878)] -> xpath: //input[@id='continue']]
2021-12-06 07:40:14 INFO  PageBase: pages.PageBase :58 - Waiting for the element:[[ChromeDriver: chrome on WINDOWS (c2564bdd19d21473e7b500a51add5878)] -> xpath: //input[@id='continue']] to be clickable
2021-12-06 07:40:14 INFO  PageBase: pages.PageBase :92 - Executing CLICK command on the element: [[ChromeDriver: chrome on WINDOWS (c2564bdd19d21473e7b500a51add5878)] -> xpath: //button[@id='cancel']]
2021-12-06 07:40:14 INFO  PageBase: pages.PageBase :73 - Executing isElementPresent command on the element: [[ChromeDriver: chrome on WINDOWS (c2564bdd19d21473e7b500a51add5878)] -> xpath: //button[@id='cancel']]
2021-12-06 07:40:15 INFO  PageBase: pages.PageBase :55 - Executing waitForElementTobeClickable command for the element: [[ChromeDriver: chrome on WINDOWS (c2564bdd19d21473e7b500a51add5878)] -> xpath: //button[@id='cancel']]
2021-12-06 07:40:15 INFO  PageBase: pages.PageBase :58 - Waiting for the element:[[ChromeDriver: chrome on WINDOWS (c2564bdd19d21473e7b500a51add5878)] -> xpath: //button[@id='cancel']] to be clickable
]]></system-out>
    <system-err><![CDATA[Dez 06, 2021 7:40:09 AM com.relevantcodes.extentreports.ExtentReports loadConfig
WARNUNG: Unable to perform report configuration. The file C:\Users\a.khawaja\IdeaProjects\Capmo\ReportsConfig.xml was not found.
Starting ChromeDriver 96.0.4664.45 (76e4c1bb2ab4671b8beba3444e61c0f17584b2fc-refs/branch-heads/4664@{#947}) on port 2675
Only local connections are allowed.
Please see https://chromedriver.chromium.org/security-considerations for suggestions on keeping ChromeDriver safe.
ChromeDriver was started successfully.
Dez 06, 2021 7:40:10 AM org.openqa.selenium.remote.ProtocolHandshake createSession
INFORMATION: Detected dialect: W3C
]]></system-err>
  </testcase>
  <testcase name="LoginFailure[{Username=standard_user, Password=12345678, Description=Wrong password}](1)" classname="tests.LoginFailure" time="3.113">
    <system-out><![CDATA[LoginTest
Test starts from row - 6
Total rows are  - 2
Total cols are  - 3
2021-12-06 07:40:15 INFO  : BasePage.TestBase :142 - Running on Windows Operating System with chrome browser
2021-12-06 07:40:17 INFO  PageBase: pages.PageBase :55 - Executing waitForElementTobeClickable command for the element: [[ChromeDriver: chrome on WINDOWS (3be0e1652fcdbbcfed492c7406aac84f)] -> xpath: //input[@id='user-name']]
2021-12-06 07:40:17 INFO  PageBase: pages.PageBase :58 - Waiting for the element:[[ChromeDriver: chrome on WINDOWS (3be0e1652fcdbbcfed492c7406aac84f)] -> xpath: //input[@id='user-name']] to be clickable
2021-12-06 07:40:17 INFO  PageBase: pages.PageBase :73 - Executing isElementPresent command on the element: [[ChromeDriver: chrome on WINDOWS (3be0e1652fcdbbcfed492c7406aac84f)] -> xpath: //input[@id='user-name']]
2021-12-06 07:40:17 INFO  PageBase: pages.PageBase :42 - Executing INPUT text command for the element:[[ChromeDriver: chrome on WINDOWS (3be0e1652fcdbbcfed492c7406aac84f)] -> xpath: //input[@id='user-name']] with value: standard_user
2021-12-06 07:40:17 INFO  PageBase: pages.PageBase :55 - Executing waitForElementTobeClickable command for the element: [[ChromeDriver: chrome on WINDOWS (3be0e1652fcdbbcfed492c7406aac84f)] -> xpath: //input[@id='user-name']]
2021-12-06 07:40:17 INFO  PageBase: pages.PageBase :58 - Waiting for the element:[[ChromeDriver: chrome on WINDOWS (3be0e1652fcdbbcfed492c7406aac84f)] -> xpath: //input[@id='user-name']] to be clickable
2021-12-06 07:40:17 INFO  PageBase: pages.PageBase :55 - Executing waitForElementTobeClickable command for the element: [[ChromeDriver: chrome on WINDOWS (3be0e1652fcdbbcfed492c7406aac84f)] -> xpath: //input[@id='password']]
2021-12-06 07:40:17 INFO  PageBase: pages.PageBase :58 - Waiting for the element:[[ChromeDriver: chrome on WINDOWS (3be0e1652fcdbbcfed492c7406aac84f)] -> xpath: //input[@id='password']] to be clickable
2021-12-06 07:40:17 INFO  PageBase: pages.PageBase :73 - Executing isElementPresent command on the element: [[ChromeDriver: chrome on WINDOWS (3be0e1652fcdbbcfed492c7406aac84f)] -> xpath: //input[@id='password']]
2021-12-06 07:40:18 INFO  PageBase: pages.PageBase :42 - Executing INPUT text command for the element:[[ChromeDriver: chrome on WINDOWS (3be0e1652fcdbbcfed492c7406aac84f)] -> xpath: //input[@id='password']] with value: 12345678
2021-12-06 07:40:18 INFO  PageBase: pages.PageBase :55 - Executing waitForElementTobeClickable command for the element: [[ChromeDriver: chrome on WINDOWS (3be0e1652fcdbbcfed492c7406aac84f)] -> xpath: //input[@id='password']]
2021-12-06 07:40:18 INFO  PageBase: pages.PageBase :58 - Waiting for the element:[[ChromeDriver: chrome on WINDOWS (3be0e1652fcdbbcfed492c7406aac84f)] -> xpath: //input[@id='password']] to be clickable
2021-12-06 07:40:18 INFO  PageBase: pages.PageBase :55 - Executing waitForElementTobeClickable command for the element: [[ChromeDriver: chrome on WINDOWS (3be0e1652fcdbbcfed492c7406aac84f)] -> xpath: //input[@id='login-button']]
2021-12-06 07:40:18 INFO  PageBase: pages.PageBase :58 - Waiting for the element:[[ChromeDriver: chrome on WINDOWS (3be0e1652fcdbbcfed492c7406aac84f)] -> xpath: //input[@id='login-button']] to be clickable
2021-12-06 07:40:18 INFO  PageBase: pages.PageBase :92 - Executing CLICK command on the element: [[ChromeDriver: chrome on WINDOWS (3be0e1652fcdbbcfed492c7406aac84f)] -> xpath: //input[@id='login-button']]
2021-12-06 07:40:18 INFO  PageBase: pages.PageBase :73 - Executing isElementPresent command on the element: [[ChromeDriver: chrome on WINDOWS (3be0e1652fcdbbcfed492c7406aac84f)] -> xpath: //input[@id='login-button']]
2021-12-06 07:40:18 INFO  PageBase: pages.PageBase :55 - Executing waitForElementTobeClickable command for the element: [[ChromeDriver: chrome on WINDOWS (3be0e1652fcdbbcfed492c7406aac84f)] -> xpath: //input[@id='login-button']]
2021-12-06 07:40:18 INFO  PageBase: pages.PageBase :58 - Waiting for the element:[[ChromeDriver: chrome on WINDOWS (3be0e1652fcdbbcfed492c7406aac84f)] -> xpath: //input[@id='login-button']] to be clickable
2021-12-06 07:40:18 INFO  PageBase: pages.PageBase :111 - Executing waitForPageToLoad command
2021-12-06 07:40:18 INFO  PageBase: pages.PageBase :112 - Waiting for the page to load completely
2021-12-06 07:40:18 INFO  PageBase: pages.PageBase :118 - Page is loaded completely
2021-12-06 07:40:18 INFO  PageBase: pages.PageBase :55 - Executing waitForElementTobeClickable command for the element: [[ChromeDriver: chrome on WINDOWS (3be0e1652fcdbbcfed492c7406aac84f)] -> xpath: //div[@class='error-message-container error']]
2021-12-06 07:40:18 INFO  PageBase: pages.PageBase :58 - Waiting for the element:[[ChromeDriver: chrome on WINDOWS (3be0e1652fcdbbcfed492c7406aac84f)] -> xpath: //div[@class='error-message-container error']] to be clickable
2021-12-06 07:40:18 INFO  PageBase: pages.PageBase :73 - Executing isElementPresent command on the element: [[ChromeDriver: chrome on WINDOWS (3be0e1652fcdbbcfed492c7406aac84f)] -> xpath: //div[@class='error-message-container error']]
2021-12-06 07:40:18 INFO  PageBase: pages.PageBase :111 - Executing waitForPageToLoad command
2021-12-06 07:40:18 INFO  PageBase: pages.PageBase :112 - Waiting for the page to load completely
2021-12-06 07:40:18 INFO  PageBase: pages.PageBase :118 - Page is loaded completely
2021-12-06 07:40:18 INFO  PageBase: pages.PageBase :73 - Executing isElementPresent command on the element: Proxy element for: DefaultElementLocator 'By.xpath: //span[contains(text(),'Products')]'
]]></system-out>
    <system-err><![CDATA[Dez 06, 2021 7:40:15 AM com.relevantcodes.extentreports.ExtentReports loadConfig
WARNUNG: Unable to perform report configuration. The file C:\Users\a.khawaja\IdeaProjects\Capmo\ReportsConfig.xml was not found.
Starting ChromeDriver 96.0.4664.45 (76e4c1bb2ab4671b8beba3444e61c0f17584b2fc-refs/branch-heads/4664@{#947}) on port 44529
Only local connections are allowed.
Please see https://chromedriver.chromium.org/security-considerations for suggestions on keeping ChromeDriver safe.
ChromeDriver was started successfully.
Dez 06, 2021 7:40:16 AM org.openqa.selenium.remote.ProtocolHandshake createSession
INFORMATION: Detected dialect: W3C
]]></system-err>
  </testcase>
  <testcase name="LoginFailure[{Username=Test username, Password=secret_sauce, Description=Wrong username}](2)" classname="tests.LoginFailure" time="3.297">
    <system-out><![CDATA[2021-12-06 07:40:18 INFO  : BasePage.TestBase :142 - Running on Windows Operating System with chrome browser
2021-12-06 07:40:21 INFO  PageBase: pages.PageBase :55 - Executing waitForElementTobeClickable command for the element: [[ChromeDriver: chrome on WINDOWS (33aba4ffc53d2770d20f5cb56368fd40)] -> xpath: //input[@id='user-name']]
2021-12-06 07:40:21 INFO  PageBase: pages.PageBase :58 - Waiting for the element:[[ChromeDriver: chrome on WINDOWS (33aba4ffc53d2770d20f5cb56368fd40)] -> xpath: //input[@id='user-name']] to be clickable
2021-12-06 07:40:21 INFO  PageBase: pages.PageBase :73 - Executing isElementPresent command on the element: [[ChromeDriver: chrome on WINDOWS (33aba4ffc53d2770d20f5cb56368fd40)] -> xpath: //input[@id='user-name']]
2021-12-06 07:40:21 INFO  PageBase: pages.PageBase :42 - Executing INPUT text command for the element:[[ChromeDriver: chrome on WINDOWS (33aba4ffc53d2770d20f5cb56368fd40)] -> xpath: //input[@id='user-name']] with value: Test username
2021-12-06 07:40:21 INFO  PageBase: pages.PageBase :55 - Executing waitForElementTobeClickable command for the element: [[ChromeDriver: chrome on WINDOWS (33aba4ffc53d2770d20f5cb56368fd40)] -> xpath: //input[@id='user-name']]
2021-12-06 07:40:21 INFO  PageBase: pages.PageBase :58 - Waiting for the element:[[ChromeDriver: chrome on WINDOWS (33aba4ffc53d2770d20f5cb56368fd40)] -> xpath: //input[@id='user-name']] to be clickable
2021-12-06 07:40:21 INFO  PageBase: pages.PageBase :55 - Executing waitForElementTobeClickable command for the element: [[ChromeDriver: chrome on WINDOWS (33aba4ffc53d2770d20f5cb56368fd40)] -> xpath: //input[@id='password']]
2021-12-06 07:40:21 INFO  PageBase: pages.PageBase :58 - Waiting for the element:[[ChromeDriver: chrome on WINDOWS (33aba4ffc53d2770d20f5cb56368fd40)] -> xpath: //input[@id='password']] to be clickable
2021-12-06 07:40:21 INFO  PageBase: pages.PageBase :73 - Executing isElementPresent command on the element: [[ChromeDriver: chrome on WINDOWS (33aba4ffc53d2770d20f5cb56368fd40)] -> xpath: //input[@id='password']]
2021-12-06 07:40:21 INFO  PageBase: pages.PageBase :42 - Executing INPUT text command for the element:[[ChromeDriver: chrome on WINDOWS (33aba4ffc53d2770d20f5cb56368fd40)] -> xpath: //input[@id='password']] with value: secret_sauce
2021-12-06 07:40:21 INFO  PageBase: pages.PageBase :55 - Executing waitForElementTobeClickable command for the element: [[ChromeDriver: chrome on WINDOWS (33aba4ffc53d2770d20f5cb56368fd40)] -> xpath: //input[@id='password']]
2021-12-06 07:40:21 INFO  PageBase: pages.PageBase :58 - Waiting for the element:[[ChromeDriver: chrome on WINDOWS (33aba4ffc53d2770d20f5cb56368fd40)] -> xpath: //input[@id='password']] to be clickable
2021-12-06 07:40:21 INFO  PageBase: pages.PageBase :55 - Executing waitForElementTobeClickable command for the element: [[ChromeDriver: chrome on WINDOWS (33aba4ffc53d2770d20f5cb56368fd40)] -> xpath: //input[@id='login-button']]
2021-12-06 07:40:21 INFO  PageBase: pages.PageBase :58 - Waiting for the element:[[ChromeDriver: chrome on WINDOWS (33aba4ffc53d2770d20f5cb56368fd40)] -> xpath: //input[@id='login-button']] to be clickable
2021-12-06 07:40:21 INFO  PageBase: pages.PageBase :92 - Executing CLICK command on the element: [[ChromeDriver: chrome on WINDOWS (33aba4ffc53d2770d20f5cb56368fd40)] -> xpath: //input[@id='login-button']]
2021-12-06 07:40:21 INFO  PageBase: pages.PageBase :73 - Executing isElementPresent command on the element: [[ChromeDriver: chrome on WINDOWS (33aba4ffc53d2770d20f5cb56368fd40)] -> xpath: //input[@id='login-button']]
2021-12-06 07:40:21 INFO  PageBase: pages.PageBase :55 - Executing waitForElementTobeClickable command for the element: [[ChromeDriver: chrome on WINDOWS (33aba4ffc53d2770d20f5cb56368fd40)] -> xpath: //input[@id='login-button']]
2021-12-06 07:40:21 INFO  PageBase: pages.PageBase :58 - Waiting for the element:[[ChromeDriver: chrome on WINDOWS (33aba4ffc53d2770d20f5cb56368fd40)] -> xpath: //input[@id='login-button']] to be clickable
2021-12-06 07:40:22 INFO  PageBase: pages.PageBase :111 - Executing waitForPageToLoad command
2021-12-06 07:40:22 INFO  PageBase: pages.PageBase :112 - Waiting for the page to load completely
2021-12-06 07:40:22 INFO  PageBase: pages.PageBase :118 - Page is loaded completely
2021-12-06 07:40:22 INFO  PageBase: pages.PageBase :55 - Executing waitForElementTobeClickable command for the element: [[ChromeDriver: chrome on WINDOWS (33aba4ffc53d2770d20f5cb56368fd40)] -> xpath: //div[@class='error-message-container error']]
2021-12-06 07:40:22 INFO  PageBase: pages.PageBase :58 - Waiting for the element:[[ChromeDriver: chrome on WINDOWS (33aba4ffc53d2770d20f5cb56368fd40)] -> xpath: //div[@class='error-message-container error']] to be clickable
2021-12-06 07:40:22 INFO  PageBase: pages.PageBase :73 - Executing isElementPresent command on the element: [[ChromeDriver: chrome on WINDOWS (33aba4ffc53d2770d20f5cb56368fd40)] -> xpath: //div[@class='error-message-container error']]
2021-12-06 07:40:22 INFO  PageBase: pages.PageBase :111 - Executing waitForPageToLoad command
2021-12-06 07:40:22 INFO  PageBase: pages.PageBase :112 - Waiting for the page to load completely
2021-12-06 07:40:22 INFO  PageBase: pages.PageBase :118 - Page is loaded completely
2021-12-06 07:40:22 INFO  PageBase: pages.PageBase :73 - Executing isElementPresent command on the element: Proxy element for: DefaultElementLocator 'By.xpath: //span[contains(text(),'Products')]'
]]></system-out>
    <system-err><![CDATA[Dez 06, 2021 7:40:18 AM com.relevantcodes.extentreports.ExtentReports loadConfig
WARNUNG: Unable to perform report configuration. The file C:\Users\a.khawaja\IdeaProjects\Capmo\ReportsConfig.xml was not found.
Starting ChromeDriver 96.0.4664.45 (76e4c1bb2ab4671b8beba3444e61c0f17584b2fc-refs/branch-heads/4664@{#947}) on port 18215
Only local connections are allowed.
Please see https://chromedriver.chromium.org/security-considerations for suggestions on keeping ChromeDriver safe.
ChromeDriver was started successfully.
Dez 06, 2021 7:40:20 AM org.openqa.selenium.remote.ProtocolHandshake createSession
INFORMATION: Detected dialect: W3C
]]></system-err>
  </testcase>
  <testcase name="LoginPage[{Username=standard_user, Password=secret_sauce, Description=Happy path}](1)" classname="tests.LoginTest" time="2.83">
    <system-out><![CDATA[LoginTest
Test starts from row - 1
Total rows are  - 1
Total cols are  - 3
2021-12-06 07:40:22 INFO  : BasePage.TestBase :142 - Running on Windows Operating System with chrome browser
2021-12-06 07:40:24 INFO  PageBase: pages.PageBase :55 - Executing waitForElementTobeClickable command for the element: [[ChromeDriver: chrome on WINDOWS (21653d648aff582cf99b986371542253)] -> xpath: //input[@id='user-name']]
2021-12-06 07:40:24 INFO  PageBase: pages.PageBase :58 - Waiting for the element:[[ChromeDriver: chrome on WINDOWS (21653d648aff582cf99b986371542253)] -> xpath: //input[@id='user-name']] to be clickable
2021-12-06 07:40:24 INFO  PageBase: pages.PageBase :73 - Executing isElementPresent command on the element: [[ChromeDriver: chrome on WINDOWS (21653d648aff582cf99b986371542253)] -> xpath: //input[@id='user-name']]
2021-12-06 07:40:24 INFO  PageBase: pages.PageBase :42 - Executing INPUT text command for the element:[[ChromeDriver: chrome on WINDOWS (21653d648aff582cf99b986371542253)] -> xpath: //input[@id='user-name']] with value: standard_user
2021-12-06 07:40:24 INFO  PageBase: pages.PageBase :55 - Executing waitForElementTobeClickable command for the element: [[ChromeDriver: chrome on WINDOWS (21653d648aff582cf99b986371542253)] -> xpath: //input[@id='user-name']]
2021-12-06 07:40:24 INFO  PageBase: pages.PageBase :58 - Waiting for the element:[[ChromeDriver: chrome on WINDOWS (21653d648aff582cf99b986371542253)] -> xpath: //input[@id='user-name']] to be clickable
2021-12-06 07:40:24 INFO  PageBase: pages.PageBase :55 - Executing waitForElementTobeClickable command for the element: [[ChromeDriver: chrome on WINDOWS (21653d648aff582cf99b986371542253)] -> xpath: //input[@id='password']]
2021-12-06 07:40:24 INFO  PageBase: pages.PageBase :58 - Waiting for the element:[[ChromeDriver: chrome on WINDOWS (21653d648aff582cf99b986371542253)] -> xpath: //input[@id='password']] to be clickable
2021-12-06 07:40:24 INFO  PageBase: pages.PageBase :73 - Executing isElementPresent command on the element: [[ChromeDriver: chrome on WINDOWS (21653d648aff582cf99b986371542253)] -> xpath: //input[@id='password']]
2021-12-06 07:40:25 INFO  PageBase: pages.PageBase :42 - Executing INPUT text command for the element:[[ChromeDriver: chrome on WINDOWS (21653d648aff582cf99b986371542253)] -> xpath: //input[@id='password']] with value: secret_sauce
2021-12-06 07:40:25 INFO  PageBase: pages.PageBase :55 - Executing waitForElementTobeClickable command for the element: [[ChromeDriver: chrome on WINDOWS (21653d648aff582cf99b986371542253)] -> xpath: //input[@id='password']]
2021-12-06 07:40:25 INFO  PageBase: pages.PageBase :58 - Waiting for the element:[[ChromeDriver: chrome on WINDOWS (21653d648aff582cf99b986371542253)] -> xpath: //input[@id='password']] to be clickable
2021-12-06 07:40:25 INFO  PageBase: pages.PageBase :55 - Executing waitForElementTobeClickable command for the element: [[ChromeDriver: chrome on WINDOWS (21653d648aff582cf99b986371542253)] -> xpath: //input[@id='login-button']]
[...]
Please see https://chromedriver.chromium.org/security-considerations for suggestions on keeping ChromeDriver safe.
ChromeDriver was started successfully.
Dez 06, 2021 7:40:37 AM org.openqa.selenium.remote.ProtocolHandshake createSession
INFORMATION: Detected dialect: W3C
]]></system-err>
  </testcase>
  <testcase name="verifyProductPageOpen[{Description=Happy path, ProductDescription=Get your testing superhero on with the Sauce Labs bolt T-shirt. From American Apparel, 100% ringspun combed cotton, heather gray with red bolt., Username=standard_user, ProductName=Sauce Labs Bolt T-Shirt, ProductPrice=$15.99, ProductPrice2=$49.99, SecondProductDescription=It&apos;s not every day that you come across a midweight quarter-zip fleece jacket capable of handling everything from a relaxing day outdoors to a busy day at the office., Password=secret_sauce, LastName=Test2, SecondProductName=Sauce Labs Fleece Jacket, ZipCode=4109.0, SecondProductPrice=49.99, FirstName=Test1, FirstProductPrice=15.99}](1)" classname="tests.ProductPageTests" time="3.749">
    <system-out><![CDATA[LoginTest
Test starts from row - 11
Total rows are  - 1
Total cols are  - 14
2021-12-06 07:40:39 INFO  : BasePage.TestBase :142 - Running on Windows Operating System with chrome browser
2021-12-06 07:40:41 INFO  PageBase: pages.PageBase :55 - Executing waitForElementTobeClickable command for the element: [[ChromeDriver: chrome on WINDOWS (bd6f26a4841a5e476c8844f4a1aa5507)] -> xpath: //input[@id='user-name']]
2021-12-06 07:40:41 INFO  PageBase: pages.PageBase :58 - Waiting for the element:[[ChromeDriver: chrome on WINDOWS (bd6f26a4841a5e476c8844f4a1aa5507)] -> xpath: //input[@id='user-name']] to be clickable
2021-12-06 07:40:41 INFO  PageBase: pages.PageBase :73 - Executing isElementPresent command on the element: [[ChromeDriver: chrome on WINDOWS (bd6f26a4841a5e476c8844f4a1aa5507)] -> xpath: //input[@id='user-name']]
2021-12-06 07:40:41 INFO  PageBase: pages.PageBase :42 - Executing INPUT text command for the element:[[ChromeDriver: chrome on WINDOWS (bd6f26a4841a5e476c8844f4a1aa5507)] -> xpath: //input[@id='user-name']] with value: standard_user
2021-12-06 07:40:41 INFO  PageBase: pages.PageBase :55 - Executing waitForElementTobeClickable command for the element: [[ChromeDriver: chrome on WINDOWS (bd6f26a4841a5e476c8844f4a1aa5507)] -> xpath: //input[@id='user-name']]
2021-12-06 07:40:41 INFO  PageBase: pages.PageBase :58 - Waiting for the element:[[ChromeDriver: chrome on WINDOWS (bd6f26a4841a5e476c8844f4a1aa5507)] -> xpath: //input[@id='user-name']] to be clickable
2021-12-06 07:40:41 INFO  PageBase: pages.PageBase :55 - Executing waitForElementTobeClickable command for the element: [[ChromeDriver: chrome on WINDOWS (bd6f26a4841a5e476c8844f4a1aa5507)] -> xpath: //input[@id='password']]
2021-12-06 07:40:41 INFO  PageBase: pages.PageBase :58 - Waiting for the element:[[ChromeDriver: chrome on WINDOWS (bd6f26a4841a5e476c8844f4a1aa5507)] -> xpath: //input[@id='password']] to be clickable
2021-12-06 07:40:41 INFO  PageBase: pages.PageBase :73 - Executing isElementPresent command on the element: [[ChromeDriver: chrome on WINDOWS (bd6f26a4841a5e476c8844f4a1aa5507)] -> xpath: //input[@id='password']]
2021-12-06 07:40:41 INFO  PageBase: pages.PageBase :42 - Executing INPUT text command for the element:[[ChromeDriver: chrome on WINDOWS (bd6f26a4841a5e476c8844f4a1aa5507)] -> xpath: //input[@id='password']] with value: secret_sauce
2021-12-06 07:40:41 INFO  PageBase: pages.PageBase :55 - Executing waitForElementTobeClickable command for the element: [[ChromeDriver: chrome on WINDOWS (bd6f26a4841a5e476c8844f4a1aa5507)] -> xpath: //input[@id='password']]
2021-12-06 07:40:41 INFO  PageBase: pages.PageBase :58 - Waiting for the element:[[ChromeDriver: chrome on WINDOWS (bd6f26a4841a5e476c8844f4a1aa5507)] -> xpath: //input[@id='password']] to be clickable
2021-12-06 07:40:42 INFO  PageBase: pages.PageBase :55 - Executing waitForElementTobeClickable command for the element: [[ChromeDriver: chrome on WINDOWS (bd6f26a4841a5e476c8844f4a1aa5507)] -> xpath: //input[@id='login-button']]
2021-12-06 07:40:42 INFO  PageBase: pages.PageBase :58 - Waiting for the element:[[ChromeDriver: chrome on WINDOWS (bd6f26a4841a5e476c8844f4a1aa5507)] -> xpath: //input[@id='login-button']] to be clickable
2021-12-06 07:40:42 INFO  PageBase: pages.PageBase :92 - Executing CLICK command on the element: [[ChromeDriver: chrome on WINDOWS (bd6f26a4841a5e476c8844f4a1aa5507)] -> xpath: //input[@id='login-button']]
2021-12-06 07:40:42 INFO  PageBase: pages.PageBase :73 - Executing isElementPresent command on the element: [[ChromeDriver: chrome on WINDOWS (bd6f26a4841a5e476c8844f4a1aa5507)] -> xpath: //input[@id='login-button']]
2021-12-06 07:40:42 INFO  PageBase: pages.PageBase :55 - Executing waitForElementTobeClickable command for the element: [[ChromeDriver: chrome on WINDOWS (bd6f26a4841a5e476c8844f4a1aa5507)] -> xpath: //input[@id='login-button']]
2021-12-06 07:40:42 INFO  PageBase: pages.PageBase :58 - Waiting for the element:[[ChromeDriver: chrome on WINDOWS (bd6f26a4841a5e476c8844f4a1aa5507)] -> xpath: //input[@id='login-button']] to be clickable
2021-12-06 07:40:42 INFO  PageBase: pages.PageBase :111 - Executing waitForPageToLoad command
2021-12-06 07:40:42 INFO  PageBase: pages.PageBase :112 - Waiting for the page to load completely
2021-12-06 07:40:42 INFO  PageBase: pages.PageBase :118 - Page is loaded completely
2021-12-06 07:40:42 INFO  PageBase: pages.PageBase :92 - Executing CLICK command on the element: [[ChromeDriver: chrome on WINDOWS (bd6f26a4841a5e476c8844f4a1aa5507)] -> xpath: //div[@class='inventory_list']//div[3]//div[@class='inventory_item_description']//div[@class='inventory_item_name']]
2021-12-06 07:40:42 INFO  PageBase: pages.PageBase :73 - Executing isElementPresent command on the element: [[ChromeDriver: chrome on WINDOWS (bd6f26a4841a5e476c8844f4a1aa5507)] -> xpath: //div[@class='inventory_list']//div[3]//div[@class='inventory_item_description']//div[@class='inventory_item_name']]
2021-12-06 07:40:42 INFO  PageBase: pages.PageBase :55 - Executing waitForElementTobeClickable command for the element: [[ChromeDriver: chrome on WINDOWS (bd6f26a4841a5e476c8844f4a1aa5507)] -> xpath: //div[@class='inventory_list']//div[3]//div[@class='inventory_item_description']//div[@class='inventory_item_name']]
2021-12-06 07:40:42 INFO  PageBase: pages.PageBase :58 - Waiting for the element:[[ChromeDriver: chrome on WINDOWS (bd6f26a4841a5e476c8844f4a1aa5507)] -> xpath: //div[@class='inventory_list']//div[3]//div[@class='inventory_item_description']//div[@class='inventory_item_name']] to be clickable
2021-12-06 07:40:42 INFO  PageBase: pages.PageBase :92 - Executing CLICK command on the element: [[ChromeDriver: chrome on WINDOWS (bd6f26a4841a5e476c8844f4a1aa5507)] -> xpath: //button[@id='back-to-products']]
2021-12-06 07:40:42 INFO  PageBase: pages.PageBase :73 - Executing isElementPresent command on the element: [[ChromeDriver: chrome on WINDOWS (bd6f26a4841a5e476c8844f4a1aa5507)] -> xpath: //button[@id='back-to-products']]
2021-12-06 07:40:42 INFO  PageBase: pages.PageBase :55 - Executing waitForElementTobeClickable command for the element: [[ChromeDriver: chrome on WINDOWS (bd6f26a4841a5e476c8844f4a1aa5507)] -> xpath: //button[@id='back-to-products']]
2021-12-06 07:40:42 INFO  PageBase: pages.PageBase :58 - Waiting for the element:[[ChromeDriver: chrome on WINDOWS (bd6f26a4841a5e476c8844f4a1aa5507)] -> xpath: //button[@id='back-to-products']] to be clickable
]]></system-out>
    <system-err><![CDATA[Dez 06, 2021 7:40:39 AM com.relevantcodes.extentreports.ExtentReports loadConfig
WARNUNG: Unable to perform report configuration. The file C:\Users\a.khawaja\IdeaProjects\Capmo\ReportsConfig.xml was not found.
Starting ChromeDriver 96.0.4664.45 (76e4c1bb2ab4671b8beba3444e61c0f17584b2fc-refs/branch-heads/4664@{#947}) on port 6675
Only local connections are allowed.
Please see https://chromedriver.chromium.org/security-considerations for suggestions on keeping ChromeDriver safe.
ChromeDriver was started successfully.
Dez 06, 2021 7:40:40 AM org.openqa.selenium.remote.ProtocolHandshake createSession
INFORMATION: Detected dialect: W3C
]]></system-err>
  </testcase>
  <testcase name="verifyProductPriceIsPresent[{Description=Happy path, ProductDescription=Get your testing superhero on with the Sauce Labs bolt T-shirt. From American Apparel, 100% ringspun combed cotton, heather gray with red bolt., Username=standard_user, ProductName=Sauce Labs Bolt T-Shirt, ProductPrice=$15.99, ProductPrice2=$49.99, SecondProductDescription=It&apos;s not every day that you come across a midweight quarter-zip fleece jacket capable of handling everything from a relaxing day outdoors to a busy day at the office., Password=secret_sauce, LastName=Test2, SecondProductName=Sauce Labs Fleece Jacket, ZipCode=4109.0, SecondProductPrice=49.99, FirstName=Test1, FirstProductPrice=15.99}](1)" classname="tests.ProductPageTests" time="2.957">
    <system-out><![CDATA[LoginTest
Test starts from row - 11
Total rows are  - 1
Total cols are  - 14
2021-12-06 07:40:43 INFO  : BasePage.TestBase :142 - Running on Windows Operating System with chrome browser
2021-12-06 07:40:44 INFO  PageBase: pages.PageBase :55 - Executing waitForElementTobeClickable command for the element: [[ChromeDriver: chrome on WINDOWS (6a43769d586d2e7f7824d29af4aeb72f)] -> xpath: //input[@id='user-name']]
2021-12-06 07:40:44 INFO  PageBase: pages.PageBase :58 - Waiting for the element:[[ChromeDriver: chrome on WINDOWS (6a43769d586d2e7f7824d29af4aeb72f)] -> xpath: //input[@id='user-name']] to be clickable
2021-12-06 07:40:44 INFO  PageBase: pages.PageBase :73 - Executing isElementPresent command on the element: [[ChromeDriver: chrome on WINDOWS (6a43769d586d2e7f7824d29af4aeb72f)] -> xpath: //input[@id='user-name']]
2021-12-06 07:40:44 INFO  PageBase: pages.PageBase :42 - Executing INPUT text command for the element:[[ChromeDriver: chrome on WINDOWS (6a43769d586d2e7f7824d29af4aeb72f)] -> xpath: //input[@id='user-name']] with value: standard_user
2021-12-06 07:40:45 INFO  PageBase: pages.PageBase :55 - Executing waitForElementTobeClickable command for the element: [[ChromeDriver: chrome on WINDOWS (6a43769d586d2e7f7824d29af4aeb72f)] -> xpath: //input[@id='user-name']]
2021-12-06 07:40:45 INFO  PageBase: pages.PageBase :58 - Waiting for the element:[[ChromeDriver: chrome on WINDOWS (6a43769d586d2e7f7824d29af4aeb72f)] -> xpath: //input[@id='user-name']] to be clickable
2021-12-06 07:40:45 INFO  PageBase: pages.PageBase :55 - Executing waitForElementTobeClickable command for the element: [[ChromeDriver: chrome on WINDOWS (6a43769d586d2e7f7824d29af4aeb72f)] -> xpath: //input[@id='password']]
2021-12-06 07:40:45 INFO  PageBase: pages.PageBase :58 - Waiting for the element:[[ChromeDriver: chrome on WINDOWS (6a43769d586d2e7f7824d29af4aeb72f)] -> xpath: //input[@id='password']] to be clickable
2021-12-06 07:40:45 INFO  PageBase: pages.PageBase :73 - Executing isElementPresent command on the element: [[ChromeDriver: chrome on WINDOWS (6a43769d586d2e7f7824d29af4aeb72f)] -> xpath: //input[@id='password']]
2021-12-06 07:40:45 INFO  PageBase: pages.PageBase :42 - Executing INPUT text command for the element:[[ChromeDriver: chrome on WINDOWS (6a43769d586d2e7f7824d29af4aeb72f)] -> xpath: //input[@id='password']] with value: secret_sauce
2021-12-06 07:40:45 INFO  PageBase: pages.PageBase :55 - Executing waitForElementTobeClickable command for the element: [[ChromeDriver: chrome on WINDOWS (6a43769d586d2e7f7824d29af4aeb72f)] -> xpath: //input[@id='password']]
2021-12-06 07:40:45 INFO  PageBase: pages.PageBase :58 - Waiting for the element:[[ChromeDriver: chrome on WINDOWS (6a43769d586d2e7f7824d29af4aeb72f)] -> xpath: //input[@id='password']] to be clickable
2021-12-06 07:40:45 INFO  PageBase: pages.PageBase :55 - Executing waitForElementTobeClickable command for the element: [[ChromeDriver: chrome on WINDOWS (6a43769d586d2e7f7824d29af4aeb72f)] -> xpath: //input[@id='login-button']]
2021-12-06 07:40:45 INFO  PageBase: pages.PageBase :58 - Waiting for the element:[[ChromeDriver: chrome on WINDOWS (6a43769d586d2e7f7824d29af4aeb72f)] -> xpath: //input[@id='login-button']] to be clickable
2021-12-06 07:40:45 INFO  PageBase: pages.PageBase :92 - Executing CLICK command on the element: [[ChromeDriver: chrome on WINDOWS (6a43769d586d2e7f7824d29af4aeb72f)] -> xpath: //input[@id='login-button']]
2021-12-06 07:40:45 INFO  PageBase: pages.PageBase :73 - Executing isElementPresent command on the element: [[ChromeDriver: chrome on WINDOWS (6a43769d586d2e7f7824d29af4aeb72f)] -> xpath: //input[@id='login-button']]
2021-12-06 07:40:45 INFO  PageBase: pages.PageBase :55 - Executing waitForElementTobeClickable command for the element: [[ChromeDriver: chrome on WINDOWS (6a43769d586d2e7f7824d29af4aeb72f)] -> xpath: //input[@id='login-button']]
2021-12-06 07:40:45 INFO  PageBase: pages.PageBase :58 - Waiting for the element:[[ChromeDriver: chrome on WINDOWS (6a43769d586d2e7f7824d29af4aeb72f)] -> xpath: //input[@id='login-button']] to be clickable
2021-12-06 07:40:45 INFO  PageBase: pages.PageBase :111 - Executing waitForPageToLoad command
2021-12-06 07:40:45 INFO  PageBase: pages.PageBase :112 - Waiting for the page to load completely
2021-12-06 07:40:45 INFO  PageBase: pages.PageBase :118 - Page is loaded completely
]]></system-out>
    <system-err><![CDATA[Dez 06, 2021 7:40:43 AM com.relevantcodes.extentreports.ExtentReports loadConfig
WARNUNG: Unable to perform report configuration. The file C:\Users\a.khawaja\IdeaProjects\Capmo\ReportsConfig.xml was not found.
Starting ChromeDriver 96.0.4664.45 (76e4c1bb2ab4671b8beba3444e61c0f17584b2fc-refs/branch-heads/4664@{#947}) on port 38704
Only local connections are allowed.
Please see https://chromedriver.chromium.org/security-considerations for suggestions on keeping ChromeDriver safe.
ChromeDriver was started successfully.
Dez 06, 2021 7:40:44 AM org.openqa.selenium.remote.ProtocolHandshake createSession
INFORMATION: Detected dialect: W3C
]]></system-err>
  </testcase>
  <testcase name="verifyProductTitleIsPresent[{Description=Happy path, ProductDescription=Get your testing superhero on with the Sauce Labs bolt T-shirt. From American Apparel, 100% ringspun combed cotton, heather gray with red bolt., Username=standard_user, ProductName=Sauce Labs Bolt T-Shirt, ProductPrice=$15.99, ProductPrice2=$49.99, SecondProductDescription=It&apos;s not every day that you come across a midweight quarter-zip fleece jacket capable of handling everything from a relaxing day outdoors to a busy day at the office., Password=secret_sauce, LastName=Test2, SecondProductName=Sauce Labs Fleece Jacket, ZipCode=4109.0, SecondProductPrice=49.99, FirstName=Test1, FirstProductPrice=15.99}](1)" classname="tests.ProductPageTests" time="3.344">
    <system-out><![CDATA[LoginTest
Test starts from row - 11
Total rows are  - 1
Total cols are  - 14
2021-12-06 07:40:46 INFO  : BasePage.TestBase :142 - Running on Windows Operating System with chrome browser
2021-12-06 07:40:48 INFO  PageBase: pages.PageBase :55 - Executing waitForElementTobeClickable command for the element: [[ChromeDriver: chrome on WINDOWS (9b58532b622e77e29dba7e61a1bbc70d)] -> xpath: //input[@id='user-name']]
2021-12-06 07:40:48 INFO  PageBase: pages.PageBase :58 - Waiting for the element:[[ChromeDriver: chrome on WINDOWS (9b58532b622e77e29dba7e61a1bbc70d)] -> xpath: //input[@id='user-name']] to be clickable
2021-12-06 07:40:48 INFO  PageBase: pages.PageBase :73 - Executing isElementPresent command on the element: [[ChromeDriver: chrome on WINDOWS (9b58532b622e77e29dba7e61a1bbc70d)] -> xpath: //input[@id='user-name']]
2021-12-06 07:40:48 INFO  PageBase: pages.PageBase :42 - Executing INPUT text command for the element:[[ChromeDriver: chrome on WINDOWS (9b58532b622e77e29dba7e61a1bbc70d)] -> xpath: //input[@id='user-name']] with value: standard_user
2021-12-06 07:40:48 INFO  PageBase: pages.PageBase :55 - Executing waitForElementTobeClickable command for the element: [[ChromeDriver: chrome on WINDOWS (9b58532b622e77e29dba7e61a1bbc70d)] -> xpath: //input[@id='user-name']]
2021-12-06 07:40:48 INFO  PageBase: pages.PageBase :58 - Waiting for the element:[[ChromeDriver: chrome on WINDOWS (9b58532b622e77e29dba7e61a1bbc70d)] -> xpath: //input[@id='user-name']] to be clickable
2021-12-06 07:40:48 INFO  PageBase: pages.PageBase :55 - Executing waitForElementTobeClickable command for the element: [[ChromeDriver: chrome on WINDOWS (9b58532b622e77e29dba7e61a1bbc70d)] -> xpath: //input[@id='password']]
2021-12-06 07:40:48 INFO  PageBase: pages.PageBase :58 - Waiting for the element:[[ChromeDriver: chrome on WINDOWS (9b58532b622e77e29dba7e61a1bbc70d)] -> xpath: //input[@id='password']] to be clickable
2021-12-06 07:40:48 INFO  PageBase: pages.PageBase :73 - Executing isElementPresent command on the element: [[ChromeDriver: chrome on WINDOWS (9b58532b622e77e29dba7e61a1bbc70d)] -> xpath: //input[@id='password']]
2021-12-06 07:40:48 INFO  PageBase: pages.PageBase :42 - Executing INPUT text command for the element:[[ChromeDriver: chrome on WINDOWS (9b58532b622e77e29dba7e61a1bbc70d)] -> xpath: //input[@id='password']] with value: secret_sauce
2021-12-06 07:40:48 INFO  PageBase: pages.PageBase :55 - Executing waitForElementTobeClickable command for the element: [[ChromeDriver: chrome on WINDOWS (9b58532b622e77e29dba7e61a1bbc70d)] -> xpath: //input[@id='password']]
2021-12-06 07:40:48 INFO  PageBase: pages.PageBase :58 - Waiting for the element:[[ChromeDriver: chrome on WINDOWS (9b58532b622e77e29dba7e61a1bbc70d)] -> xpath: //input[@id='password']] to be clickable
2021-12-06 07:40:48 INFO  PageBase: pages.PageBase :55 - Executing waitForElementTobeClickable command for the element: [[ChromeDriver: chrome on WINDOWS (9b58532b622e77e29dba7e61a1bbc70d)] -> xpath: //input[@id='login-button']]
2021-12-06 07:40:48 INFO  PageBase: pages.PageBase :58 - Waiting for the element:[[ChromeDriver: chrome on WINDOWS (9b58532b622e77e29dba7e61a1bbc70d)] -> xpath: //input[@id='login-button']] to be clickable
2021-12-06 07:40:49 INFO  PageBase: pages.PageBase :92 - Executing CLICK command on the element: [[ChromeDriver: chrome on WINDOWS (9b58532b622e77e29dba7e61a1bbc70d)] -> xpath: //input[@id='login-button']]
2021-12-06 07:40:49 INFO  PageBase: pages.PageBase :73 - Executing isElementPresent command on the element: [[ChromeDriver: chrome on WINDOWS (9b58532b622e77e29dba7e61a1bbc70d)] -> xpath: //input[@id='login-button']]
2021-12-06 07:40:49 INFO  PageBase: pages.PageBase :55 - Executing waitForElementTobeClickable command for the element: [[ChromeDriver: chrome on WINDOWS (9b58532b622e77e29dba7e61a1bbc70d)] -> xpath: //input[@id='login-button']]
2021-12-06 07:40:49 INFO  PageBase: pages.PageBase :58 - Waiting for the element:[[ChromeDriver: chrome on WINDOWS (9b58532b622e77e29dba7e61a1bbc70d)] -> xpath: //input[@id='login-button']] to be clickable
2021-12-06 07:40:49 INFO  PageBase: pages.PageBase :111 - Executing waitForPageToLoad command
2021-12-06 07:40:49 INFO  PageBase: pages.PageBase :112 - Waiting for the page to load completely
2021-12-06 07:40:49 INFO  PageBase: pages.PageBase :118 - Page is loaded completely
]]></system-out>
    <system-err><![CDATA[Dez 06, 2021 7:40:46 AM com.relevantcodes.extentreports.ExtentReports loadConfig
WARNUNG: Unable to perform report configuration. The file C:\Users\a.khawaja\IdeaProjects\Capmo\ReportsConfig.xml was not found.
Starting ChromeDriver 96.0.4664.45 (76e4c1bb2ab4671b8beba3444e61c0f17584b2fc-refs/branch-heads/4664@{#947}) on port 45415
Only local connections are allowed.
Please see https://chromedriver.chromium.org/security-considerations for suggestions on keeping ChromeDriver safe.
ChromeDriver was started successfully.
Dez 06, 2021 7:40:47 AM org.openqa.selenium.remote.ProtocolHandshake createSession
INFORMATION: Detected dialect: W3C
]]></system-err>
  </testcase>
</testsuite>